2012/04/02 00:06:19 [error] [exception.CException] exception 'CException' with message 'Alias "ext.bootstrap.components.Bootstrap" is invalid. Make sure it points to an existing PHP file.' in D:\vhosts\frameworks\yii_1.1.10\framework\YiiBase.php:318
Stack trace:
#0 D:\vhosts\frameworks\yii_1.1.10\framework\YiiBase.php(198): YiiBase::import('ext.bootstrap.c...', true)
#1 D:\vhosts\frameworks\yii_1.1.10\framework\base\CModule.php(387): YiiBase::createComponent(Array)
#2 D:\vhosts\frameworks\yii_1.1.10\framework\base\CModule.php(493): CModule->getComponent('bootstrap')
#3 D:\vhosts\frameworks\yii_1.1.10\framework\base\CApplication.php(146): CModule->preloadComponents()
#4 D:\vhosts\frameworks\yii_1.1.10\framework\YiiBase.php(127): CApplication->__construct('D:\vhosts\yii.g...')
#5 D:\vhosts\frameworks\yii_1.1.10\framework\YiiBase.php(100): YiiBase::createApplication('CWebApplication', 'D:\vhosts\yii.g...')
#6 D:\vhosts\yii.gr\app\index.php(13): YiiBase::createWebApplication('D:\vhosts\yii.g...')
#7 {main}
REQUEST_URI=/app/
---
2012/04/05 00:50:28 [error] [exception.Less\Exception\CompilerException] exception 'Less\Exception\CompilerException' with message '#grid > .core is undefined' in D:\vhosts\yii.gr\app\protected\extensions\less\lib\lessphp\lib\Less\Node\Mixin\Call.php:56
Stack trace:
#0 D:\vhosts\yii.gr\app\protected\extensions\less\lib\lessphp\lib\Less\Node\Ruleset.php(55): Less\Node\Mixin\Call->compile(Object(Less\Environment))
#1 D:\vhosts\yii.gr\app\protected\extensions\less\lib\lessphp\lib\Less\Parser.php(123): Less\Node\Ruleset->compile(Object(Less\Environment))
#2 D:\vhosts\yii.gr\app\protected\extensions\less\lib\lessphp\lib\Less\Parser.php(146): Less\Parser->parse('/*!?? * Bootstr...', false)
#3 D:\vhosts\yii.gr\app\protected\extensions\less\components\LessCompiler.php(89): Less\Parser->parseFile('D:/vhosts/yii.g...')
#4 D:\vhosts\yii.gr\app\protected\extensions\less\components\LessCompiler.php(72): LessCompiler->parse('D:/vhosts/yii.g...')
#5 D:\vhosts\yii.gr\app\protected\extensions\less\components\LessCompiler.php(57): LessCompiler->compile()
#6 D:\vhosts\frameworks\yii_1.1.10\framework\base\CModule.php(388): LessCompiler->init()
#7 D:\vhosts\frameworks\yii_1.1.10\framework\base\CModule.php(493): CModule->getComponent('less')
#8 D:\vhosts\frameworks\yii_1.1.10\framework\base\CApplication.php(146): CModule->preloadComponents()
#9 D:\vhosts\frameworks\yii_1.1.10\framework\YiiBase.php(127): CApplication->__construct('D:\vhosts\yii.g...')
#10 D:\vhosts\frameworks\yii_1.1.10\framework\YiiBase.php(100): YiiBase::createApplication('CWebApplication', 'D:\vhosts\yii.g...')
#11 D:\vhosts\yii.gr\app\index.php(13): YiiBase::createWebApplication('D:\vhosts\yii.g...')
#12 {main}
REQUEST_URI=/app/
---
2012/04/05 00:53:53 [error] [exception.Less\Exception\CompilerException] exception 'Less\Exception\CompilerException' with message '#grid > .input is undefined' in D:\vhosts\yii.gr\app\protected\extensions\less\lib\lessphp\lib\Less\Node\Mixin\Call.php:56
Stack trace:
#0 D:\vhosts\yii.gr\app\protected\extensions\less\lib\lessphp\lib\Less\Node\Ruleset.php(55): Less\Node\Mixin\Call->compile(Object(Less\Environment))
#1 D:\vhosts\yii.gr\app\protected\extensions\less\lib\lessphp\lib\Less\Parser.php(123): Less\Node\Ruleset->compile(Object(Less\Environment))
#2 D:\vhosts\yii.gr\app\protected\extensions\less\lib\lessphp\lib\Less\Parser.php(146): Less\Parser->parse('/*!?? * Bootstr...', false)
#3 D:\vhosts\yii.gr\app\protected\extensions\less\components\LessCompiler.php(89): Less\Parser->parseFile('D:/vhosts/yii.g...')
#4 D:\vhosts\yii.gr\app\protected\extensions\less\components\LessCompiler.php(72): LessCompiler->parse('D:/vhosts/yii.g...')
#5 D:\vhosts\yii.gr\app\protected\extensions\less\components\LessCompiler.php(57): LessCompiler->compile()
#6 D:\vhosts\frameworks\yii_1.1.10\framework\base\CModule.php(388): LessCompiler->init()
#7 D:\vhosts\frameworks\yii_1.1.10\framework\base\CModule.php(493): CModule->getComponent('less')
#8 D:\vhosts\frameworks\yii_1.1.10\framework\base\CApplication.php(146): CModule->preloadComponents()
#9 D:\vhosts\frameworks\yii_1.1.10\framework\YiiBase.php(127): CApplication->__construct('D:\vhosts\yii.g...')
#10 D:\vhosts\frameworks\yii_1.1.10\framework\YiiBase.php(100): YiiBase::createApplication('CWebApplication', 'D:\vhosts\yii.g...')
#11 D:\vhosts\yii.gr\app\index.php(13): YiiBase::createWebApplication('D:\vhosts\yii.g...')
#12 {main}
REQUEST_URI=/app/
---
2012/04/05 00:54:10 [error] [exception.Less\Exception\CompilerException] exception 'Less\Exception\CompilerException' with message '#grid > .input is undefined' in D:\vhosts\yii.gr\app\protected\extensions\less\lib\lessphp\lib\Less\Node\Mixin\Call.php:56
Stack trace:
#0 D:\vhosts\yii.gr\app\protected\extensions\less\lib\lessphp\lib\Less\Node\Ruleset.php(55): Less\Node\Mixin\Call->compile(Object(Less\Environment))
#1 D:\vhosts\yii.gr\app\protected\extensions\less\lib\lessphp\lib\Less\Parser.php(123): Less\Node\Ruleset->compile(Object(Less\Environment))
#2 D:\vhosts\yii.gr\app\protected\extensions\less\lib\lessphp\lib\Less\Parser.php(146): Less\Parser->parse('/*!?? * Bootstr...', false)
#3 D:\vhosts\yii.gr\app\protected\extensions\less\components\LessCompiler.php(89): Less\Parser->parseFile('D:/vhosts/yii.g...')
#4 D:\vhosts\yii.gr\app\protected\extensions\less\components\LessCompiler.php(72): LessCompiler->parse('D:/vhosts/yii.g...')
#5 D:\vhosts\yii.gr\app\protected\extensions\less\components\LessCompiler.php(57): LessCompiler->compile()
#6 D:\vhosts\frameworks\yii_1.1.10\framework\base\CModule.php(388): LessCompiler->init()
#7 D:\vhosts\frameworks\yii_1.1.10\framework\base\CModule.php(493): CModule->getComponent('less')
#8 D:\vhosts\frameworks\yii_1.1.10\framework\base\CApplication.php(146): CModule->preloadComponents()
#9 D:\vhosts\frameworks\yii_1.1.10\framework\YiiBase.php(127): CApplication->__construct('D:\vhosts\yii.g...')
#10 D:\vhosts\frameworks\yii_1.1.10\framework\YiiBase.php(100): YiiBase::createApplication('CWebApplication', 'D:\vhosts\yii.g...')
#11 D:\vhosts\yii.gr\app\index.php(13): YiiBase::createWebApplication('D:\vhosts\yii.g...')
#12 {main}
REQUEST_URI=/app/
---
2012/04/05 00:54:27 [error] [exception.Less\Exception\CompilerException] exception 'Less\Exception\CompilerException' with message '#grid > .input is undefined' in D:\vhosts\yii.gr\app\protected\extensions\less\lib\lessphp\lib\Less\Node\Mixin\Call.php:56
Stack trace:
#0 D:\vhosts\yii.gr\app\protected\extensions\less\lib\lessphp\lib\Less\Node\Ruleset.php(55): Less\Node\Mixin\Call->compile(Object(Less\Environment))
#1 D:\vhosts\yii.gr\app\protected\extensions\less\lib\lessphp\lib\Less\Parser.php(123): Less\Node\Ruleset->compile(Object(Less\Environment))
#2 D:\vhosts\yii.gr\app\protected\extensions\less\lib\lessphp\lib\Less\Parser.php(146): Less\Parser->parse('/*!?? * Bootstr...', false)
#3 D:\vhosts\yii.gr\app\protected\extensions\less\components\LessCompiler.php(89): Less\Parser->parseFile('D:/vhosts/yii.g...')
#4 D:\vhosts\yii.gr\app\protected\extensions\less\components\LessCompiler.php(72): LessCompiler->parse('D:/vhosts/yii.g...')
#5 D:\vhosts\yii.gr\app\protected\extensions\less\components\LessCompiler.php(57): LessCompiler->compile()
#6 D:\vhosts\frameworks\yii_1.1.10\framework\base\CModule.php(388): LessCompiler->init()
#7 D:\vhosts\frameworks\yii_1.1.10\framework\base\CModule.php(493): CModule->getComponent('less')
#8 D:\vhosts\frameworks\yii_1.1.10\framework\base\CApplication.php(146): CModule->preloadComponents()
#9 D:\vhosts\frameworks\yii_1.1.10\framework\YiiBase.php(127): CApplication->__construct('D:\vhosts\yii.g...')
#10 D:\vhosts\frameworks\yii_1.1.10\framework\YiiBase.php(100): YiiBase::createApplication('CWebApplication', 'D:\vhosts\yii.g...')
#11 D:\vhosts\yii.gr\app\index.php(13): YiiBase::createWebApplication('D:\vhosts\yii.g...')
#12 {main}
REQUEST_URI=/app/
---
2012/04/05 00:54:46 [error] [exception.Less\Exception\CompilerException] exception 'Less\Exception\CompilerException' with message '#grid > .core is undefined' in D:\vhosts\yii.gr\app\protected\extensions\less\lib\lessphp\lib\Less\Node\Mixin\Call.php:56
Stack trace:
#0 D:\vhosts\yii.gr\app\protected\extensions\less\lib\lessphp\lib\Less\Node\Ruleset.php(55): Less\Node\Mixin\Call->compile(Object(Less\Environment))
#1 D:\vhosts\yii.gr\app\protected\extensions\less\lib\lessphp\lib\Less\Parser.php(123): Less\Node\Ruleset->compile(Object(Less\Environment))
#2 D:\vhosts\yii.gr\app\protected\extensions\less\lib\lessphp\lib\Less\Parser.php(146): Less\Parser->parse('/*!?? * Bootstr...', false)
#3 D:\vhosts\yii.gr\app\protected\extensions\less\components\LessCompiler.php(89): Less\Parser->parseFile('D:/vhosts/yii.g...')
#4 D:\vhosts\yii.gr\app\protected\extensions\less\components\LessCompiler.php(72): LessCompiler->parse('D:/vhosts/yii.g...')
#5 D:\vhosts\yii.gr\app\protected\extensions\less\components\LessCompiler.php(57): LessCompiler->compile()
#6 D:\vhosts\frameworks\yii_1.1.10\framework\base\CModule.php(388): LessCompiler->init()
#7 D:\vhosts\frameworks\yii_1.1.10\framework\base\CModule.php(493): CModule->getComponent('less')
#8 D:\vhosts\frameworks\yii_1.1.10\framework\base\CApplication.php(146): CModule->preloadComponents()
#9 D:\vhosts\frameworks\yii_1.1.10\framework\YiiBase.php(127): CApplication->__construct('D:\vhosts\yii.g...')
#10 D:\vhosts\frameworks\yii_1.1.10\framework\YiiBase.php(100): YiiBase::createApplication('CWebApplication', 'D:\vhosts\yii.g...')
#11 D:\vhosts\yii.gr\app\index.php(13): YiiBase::createWebApplication('D:\vhosts\yii.g...')
#12 {main}
REQUEST_URI=/app/
---
2012/04/05 00:57:53 [error] [exception.Less\Exception\CompilerException] exception 'Less\Exception\CompilerException' with message '#grid > .core is undefined' in D:\vhosts\yii.gr\app\protected\extensions\less\lib\lessphp\lib\Less\Node\Mixin\Call.php:56
Stack trace:
#0 D:\vhosts\yii.gr\app\protected\extensions\less\lib\lessphp\lib\Less\Node\Ruleset.php(55): Less\Node\Mixin\Call->compile(Object(Less\Environment))
#1 D:\vhosts\yii.gr\app\protected\extensions\less\lib\lessphp\lib\Less\Parser.php(123): Less\Node\Ruleset->compile(Object(Less\Environment))
#2 D:\vhosts\yii.gr\app\protected\extensions\less\lib\lessphp\lib\Less\Parser.php(146): Less\Parser->parse('/*!? * Bootstra...', false)
#3 D:\vhosts\yii.gr\app\protected\extensions\less\components\LessCompiler.php(89): Less\Parser->parseFile('D:/vhosts/yii.g...')
#4 D:\vhosts\yii.gr\app\protected\extensions\less\components\LessCompiler.php(72): LessCompiler->parse('D:/vhosts/yii.g...')
#5 D:\vhosts\yii.gr\app\protected\extensions\less\components\LessCompiler.php(57): LessCompiler->compile()
#6 D:\vhosts\frameworks\yii_1.1.10\framework\base\CModule.php(388): LessCompiler->init()
#7 D:\vhosts\frameworks\yii_1.1.10\framework\base\CModule.php(493): CModule->getComponent('less')
#8 D:\vhosts\frameworks\yii_1.1.10\framework\base\CApplication.php(146): CModule->preloadComponents()
#9 D:\vhosts\frameworks\yii_1.1.10\framework\YiiBase.php(127): CApplication->__construct('D:\vhosts\yii.g...')
#10 D:\vhosts\frameworks\yii_1.1.10\framework\YiiBase.php(100): YiiBase::createApplication('CWebApplication', 'D:\vhosts\yii.g...')
#11 D:\vhosts\yii.gr\app\index.php(13): YiiBase::createWebApplication('D:\vhosts\yii.g...')
#12 {main}
REQUEST_URI=/app/
---
2012/04/05 00:57:59 [error] [exception.Less\Exception\CompilerException] exception 'Less\Exception\CompilerException' with message '#grid > .core is undefined' in D:\vhosts\yii.gr\app\protected\extensions\less\lib\lessphp\lib\Less\Node\Mixin\Call.php:56
Stack trace:
#0 D:\vhosts\yii.gr\app\protected\extensions\less\lib\lessphp\lib\Less\Node\Ruleset.php(55): Less\Node\Mixin\Call->compile(Object(Less\Environment))
#1 D:\vhosts\yii.gr\app\protected\extensions\less\lib\lessphp\lib\Less\Parser.php(123): Less\Node\Ruleset->compile(Object(Less\Environment))
#2 D:\vhosts\yii.gr\app\protected\extensions\less\lib\lessphp\lib\Less\Parser.php(146): Less\Parser->parse('/*!? * Bootstra...', false)
#3 D:\vhosts\yii.gr\app\protected\extensions\less\components\LessCompiler.php(89): Less\Parser->parseFile('D:/vhosts/yii.g...')
#4 D:\vhosts\yii.gr\app\protected\extensions\less\components\LessCompiler.php(72): LessCompiler->parse('D:/vhosts/yii.g...')
#5 D:\vhosts\yii.gr\app\protected\extensions\less\components\LessCompiler.php(57): LessCompiler->compile()
#6 D:\vhosts\frameworks\yii_1.1.10\framework\base\CModule.php(388): LessCompiler->init()
#7 D:\vhosts\frameworks\yii_1.1.10\framework\base\CModule.php(493): CModule->getComponent('less')
#8 D:\vhosts\frameworks\yii_1.1.10\framework\base\CApplication.php(146): CModule->preloadComponents()
#9 D:\vhosts\frameworks\yii_1.1.10\framework\YiiBase.php(127): CApplication->__construct('D:\vhosts\yii.g...')
#10 D:\vhosts\frameworks\yii_1.1.10\framework\YiiBase.php(100): YiiBase::createApplication('CWebApplication', 'D:\vhosts\yii.g...')
#11 D:\vhosts\yii.gr\app\index.php(13): YiiBase::createWebApplication('D:\vhosts\yii.g...')
#12 {main}
REQUEST_URI=/app/
---
2012/04/05 01:02:19 [error] [exception.CException] exception 'CException' with message 'Property "LessCompiler.forceCompile" is not defined.' in D:\vhosts\frameworks\yii_1.1.10\framework\base\CComponent.php:174
Stack trace:
#0 D:\vhosts\frameworks\yii_1.1.10\framework\YiiBase.php(222): CComponent->__set('forceCompile', false)
#1 D:\vhosts\frameworks\yii_1.1.10\framework\base\CModule.php(387): YiiBase::createComponent(Array)
#2 D:\vhosts\frameworks\yii_1.1.10\framework\base\CModule.php(493): CModule->getComponent('less')
#3 D:\vhosts\frameworks\yii_1.1.10\framework\base\CApplication.php(146): CModule->preloadComponents()
#4 D:\vhosts\frameworks\yii_1.1.10\framework\YiiBase.php(127): CApplication->__construct('D:\vhosts\yii.g...')
#5 D:\vhosts\frameworks\yii_1.1.10\framework\YiiBase.php(100): YiiBase::createApplication('CWebApplication', 'D:\vhosts\yii.g...')
#6 D:\vhosts\yii.gr\app\index.php(13): YiiBase::createWebApplication('D:\vhosts\yii.g...')
#7 {main}
REQUEST_URI=/app/
---
2012/04/05 01:02:25 [error] [exception.CException] exception 'CException' with message 'Property "LessCompiler.forceCompile" is not defined.' in D:\vhosts\frameworks\yii_1.1.10\framework\base\CComponent.php:174
Stack trace:
#0 D:\vhosts\frameworks\yii_1.1.10\framework\YiiBase.php(222): CComponent->__set('forceCompile', false)
#1 D:\vhosts\frameworks\yii_1.1.10\framework\base\CModule.php(387): YiiBase::createComponent(Array)
#2 D:\vhosts\frameworks\yii_1.1.10\framework\base\CModule.php(493): CModule->getComponent('less')
#3 D:\vhosts\frameworks\yii_1.1.10\framework\base\CApplication.php(146): CModule->preloadComponents()
#4 D:\vhosts\frameworks\yii_1.1.10\framework\YiiBase.php(127): CApplication->__construct('D:\vhosts\yii.g...')
#5 D:\vhosts\frameworks\yii_1.1.10\framework\YiiBase.php(100): YiiBase::createApplication('CWebApplication', 'D:\vhosts\yii.g...')
#6 D:\vhosts\yii.gr\app\index.php(13): YiiBase::createWebApplication('D:\vhosts\yii.g...')
#7 {main}
REQUEST_URI=/app/
---
2012/04/05 01:02:26 [error] [exception.CException] exception 'CException' with message 'Property "LessCompiler.forceCompile" is not defined.' in D:\vhosts\frameworks\yii_1.1.10\framework\base\CComponent.php:174
Stack trace:
#0 D:\vhosts\frameworks\yii_1.1.10\framework\YiiBase.php(222): CComponent->__set('forceCompile', false)
#1 D:\vhosts\frameworks\yii_1.1.10\framework\base\CModule.php(387): YiiBase::createComponent(Array)
#2 D:\vhosts\frameworks\yii_1.1.10\framework\base\CModule.php(493): CModule->getComponent('less')
#3 D:\vhosts\frameworks\yii_1.1.10\framework\base\CApplication.php(146): CModule->preloadComponents()
#4 D:\vhosts\frameworks\yii_1.1.10\framework\YiiBase.php(127): CApplication->__construct('D:\vhosts\yii.g...')
#5 D:\vhosts\frameworks\yii_1.1.10\framework\YiiBase.php(100): YiiBase::createApplication('CWebApplication', 'D:\vhosts\yii.g...')
#6 D:\vhosts\yii.gr\app\index.php(13): YiiBase::createWebApplication('D:\vhosts\yii.g...')
#7 {main}
REQUEST_URI=/app/
---
2012/04/05 01:02:27 [error] [exception.CException] exception 'CException' with message 'Property "LessCompiler.forceCompile" is not defined.' in D:\vhosts\frameworks\yii_1.1.10\framework\base\CComponent.php:174
Stack trace:
#0 D:\vhosts\frameworks\yii_1.1.10\framework\YiiBase.php(222): CComponent->__set('forceCompile', false)
#1 D:\vhosts\frameworks\yii_1.1.10\framework\base\CModule.php(387): YiiBase::createComponent(Array)
#2 D:\vhosts\frameworks\yii_1.1.10\framework\base\CModule.php(493): CModule->getComponent('less')
#3 D:\vhosts\frameworks\yii_1.1.10\framework\base\CApplication.php(146): CModule->preloadComponents()
#4 D:\vhosts\frameworks\yii_1.1.10\framework\YiiBase.php(127): CApplication->__construct('D:\vhosts\yii.g...')
#5 D:\vhosts\frameworks\yii_1.1.10\framework\YiiBase.php(100): YiiBase::createApplication('CWebApplication', 'D:\vhosts\yii.g...')
#6 D:\vhosts\yii.gr\app\index.php(13): YiiBase::createWebApplication('D:\vhosts\yii.g...')
#7 {main}
REQUEST_URI=/app/
---
2012/04/05 01:10:09 [error] [exception.CException] exception 'CException' with message 'Alias "ext.lsess.components.LessCompiler" is invalid. Make sure it points to an existing PHP file.' in D:\vhosts\frameworks\yii_1.1.10\framework\YiiBase.php:318
Stack trace:
#0 D:\vhosts\frameworks\yii_1.1.10\framework\YiiBase.php(198): YiiBase::import('ext.lsess.compo...', true)
#1 D:\vhosts\frameworks\yii_1.1.10\framework\base\CModule.php(387): YiiBase::createComponent(Array)
#2 D:\vhosts\frameworks\yii_1.1.10\framework\base\CModule.php(493): CModule->getComponent('less')
#3 D:\vhosts\frameworks\yii_1.1.10\framework\base\CApplication.php(146): CModule->preloadComponents()
#4 D:\vhosts\frameworks\yii_1.1.10\framework\YiiBase.php(127): CApplication->__construct('D:\vhosts\yii.g...')
#5 D:\vhosts\frameworks\yii_1.1.10\framework\YiiBase.php(100): YiiBase::createApplication('CWebApplication', 'D:\vhosts\yii.g...')
#6 D:\vhosts\yii.gr\app\index.php(13): YiiBase::createWebApplication('D:\vhosts\yii.g...')
#7 {main}
REQUEST_URI=/app/
---
2012/04/05 01:11:47 [error] [exception.CException] exception 'CException' with message 'Alias "ext.less.components.LessdCompiler" is invalid. Make sure it points to an existing PHP file.' in D:\vhosts\frameworks\yii_1.1.10\framework\YiiBase.php:318
Stack trace:
#0 D:\vhosts\frameworks\yii_1.1.10\framework\YiiBase.php(198): YiiBase::import('ext.less.compon...', true)
#1 D:\vhosts\frameworks\yii_1.1.10\framework\base\CModule.php(387): YiiBase::createComponent(Array)
#2 D:\vhosts\frameworks\yii_1.1.10\framework\base\CModule.php(493): CModule->getComponent('less')
#3 D:\vhosts\frameworks\yii_1.1.10\framework\base\CApplication.php(146): CModule->preloadComponents()
#4 D:\vhosts\frameworks\yii_1.1.10\framework\YiiBase.php(127): CApplication->__construct('D:\vhosts\yii.g...')
#5 D:\vhosts\frameworks\yii_1.1.10\framework\YiiBase.php(100): YiiBase::createApplication('CWebApplication', 'D:\vhosts\yii.g...')
#6 D:\vhosts\yii.gr\app\index.php(13): YiiBase::createWebApplication('D:\vhosts\yii.g...')
#7 {main}
REQUEST_URI=/app/
---
2012/04/06 01:24:52 [error] [exception.Less\Exception\CompilerException] exception 'Less\Exception\CompilerException' with message '#grid > .core is undefined' in D:\vhosts\yii.gr\app\protected\extensions\less\lib\lessphp\lib\Less\Node\Mixin\Call.php:56
Stack trace:
#0 D:\vhosts\yii.gr\app\protected\extensions\less\lib\lessphp\lib\Less\Node\Ruleset.php(55): Less\Node\Mixin\Call->compile(Object(Less\Environment))
#1 D:\vhosts\yii.gr\app\protected\extensions\less\lib\lessphp\lib\Less\Parser.php(123): Less\Node\Ruleset->compile(Object(Less\Environment))
#2 D:\vhosts\yii.gr\app\protected\extensions\less\lib\lessphp\lib\Less\Parser.php(146): Less\Parser->parse('/*!?? * Bootstr...', false)
#3 D:\vhosts\yii.gr\app\protected\extensions\less\components\LessCompiler.php(89): Less\Parser->parseFile('D:/vhosts/yii.g...')
#4 D:\vhosts\yii.gr\app\protected\extensions\less\components\LessCompiler.php(72): LessCompiler->parse('D:/vhosts/yii.g...')
#5 D:\vhosts\yii.gr\app\protected\extensions\less\components\LessCompiler.php(57): LessCompiler->compile()
#6 D:\vhosts\frameworks\yii_1.1.10\framework\base\CModule.php(388): LessCompiler->init()
#7 D:\vhosts\frameworks\yii_1.1.10\framework\base\CModule.php(493): CModule->getComponent('less')
#8 D:\vhosts\frameworks\yii_1.1.10\framework\base\CApplication.php(146): CModule->preloadComponents()
#9 D:\vhosts\frameworks\yii_1.1.10\framework\YiiBase.php(127): CApplication->__construct('D:\vhosts\yii.g...')
#10 D:\vhosts\frameworks\yii_1.1.10\framework\YiiBase.php(100): YiiBase::createApplication('CWebApplication', 'D:\vhosts\yii.g...')
#11 D:\vhosts\yii.gr\app\index.php(13): YiiBase::createWebApplication('D:\vhosts\yii.g...')
#12 {main}
REQUEST_URI=/app/
---
2012/04/06 01:33:56 [error] [exception.Less\Exception\CompilerException] exception 'Less\Exception\CompilerException' with message '#grid > .core is undefined' in D:\vhosts\yii.gr\app\protected\extensions\less\lib\lessphp\lib\Less\Node\Mixin\Call.php:56
Stack trace:
#0 D:\vhosts\yii.gr\app\protected\extensions\less\lib\lessphp\lib\Less\Node\Ruleset.php(55): Less\Node\Mixin\Call->compile(Object(Less\Environment))
#1 D:\vhosts\yii.gr\app\protected\extensions\less\lib\lessphp\lib\Less\Parser.php(123): Less\Node\Ruleset->compile(Object(Less\Environment))
#2 D:\vhosts\yii.gr\app\protected\extensions\less\lib\lessphp\lib\Less\Parser.php(146): Less\Parser->parse('/*!?? * Bootstr...', false)
#3 D:\vhosts\yii.gr\app\protected\extensions\less\components\LessCompiler.php(89): Less\Parser->parseFile('D:/vhosts/yii.g...')
#4 D:\vhosts\yii.gr\app\protected\extensions\less\components\LessCompiler.php(72): LessCompiler->parse('D:/vhosts/yii.g...')
#5 D:\vhosts\yii.gr\app\protected\extensions\less\components\LessCompiler.php(57): LessCompiler->compile()
#6 D:\vhosts\frameworks\yii_1.1.10\framework\base\CModule.php(388): LessCompiler->init()
#7 D:\vhosts\frameworks\yii_1.1.10\framework\base\CModule.php(493): CModule->getComponent('less')
#8 D:\vhosts\frameworks\yii_1.1.10\framework\base\CApplication.php(146): CModule->preloadComponents()
#9 D:\vhosts\frameworks\yii_1.1.10\framework\YiiBase.php(127): CApplication->__construct('D:\vhosts\yii.g...')
#10 D:\vhosts\frameworks\yii_1.1.10\framework\YiiBase.php(100): YiiBase::createApplication('CWebApplication', 'D:\vhosts\yii.g...')
#11 D:\vhosts\yii.gr\app\index.php(13): YiiBase::createWebApplication('D:\vhosts\yii.g...')
#12 {main}
REQUEST_URI=/app/
---
2012/04/06 01:54:16 [error] [exception.Less\Exception\CompilerException] exception 'Less\Exception\CompilerException' with message '#grid > .input is undefined' in D:\vhosts\yii.gr\app\protected\extensions\less\lib\lessphp\lib\Less\Node\Mixin\Call.php:56
Stack trace:
#0 D:\vhosts\yii.gr\app\protected\extensions\less\lib\lessphp\lib\Less\Node\Ruleset.php(55): Less\Node\Mixin\Call->compile(Object(Less\Environment))
#1 D:\vhosts\yii.gr\app\protected\extensions\less\lib\lessphp\lib\Less\Parser.php(123): Less\Node\Ruleset->compile(Object(Less\Environment))
#2 D:\vhosts\yii.gr\app\protected\extensions\less\lib\lessphp\lib\Less\Parser.php(146): Less\Parser->parse('/*!?? * Bootstr...', false)
#3 D:\vhosts\yii.gr\app\protected\extensions\less\components\LessCompiler.php(89): Less\Parser->parseFile('D:/vhosts/yii.g...')
#4 D:\vhosts\yii.gr\app\protected\extensions\less\components\LessCompiler.php(72): LessCompiler->parse('D:/vhosts/yii.g...')
#5 D:\vhosts\yii.gr\app\protected\extensions\less\components\LessCompiler.php(57): LessCompiler->compile()
#6 D:\vhosts\frameworks\yii_1.1.10\framework\base\CModule.php(388): LessCompiler->init()
#7 D:\vhosts\frameworks\yii_1.1.10\framework\base\CModule.php(493): CModule->getComponent('less')
#8 D:\vhosts\frameworks\yii_1.1.10\framework\base\CApplication.php(146): CModule->preloadComponents()
#9 D:\vhosts\frameworks\yii_1.1.10\framework\YiiBase.php(127): CApplication->__construct('D:\vhosts\yii.g...')
#10 D:\vhosts\frameworks\yii_1.1.10\framework\YiiBase.php(100): YiiBase::createApplication('CWebApplication', 'D:\vhosts\yii.g...')
#11 D:\vhosts\yii.gr\app\index.php(13): YiiBase::createWebApplication('D:\vhosts\yii.g...')
#12 {main}
REQUEST_URI=/app/
---
2012/04/06 01:54:30 [error] [exception.Less\Exception\CompilerException] exception 'Less\Exception\CompilerException' with message '#grid > .input is undefined' in D:\vhosts\yii.gr\app\protected\extensions\less\lib\lessphp\lib\Less\Node\Mixin\Call.php:56
Stack trace:
#0 D:\vhosts\yii.gr\app\protected\extensions\less\lib\lessphp\lib\Less\Node\Ruleset.php(55): Less\Node\Mixin\Call->compile(Object(Less\Environment))
#1 D:\vhosts\yii.gr\app\protected\extensions\less\lib\lessphp\lib\Less\Parser.php(123): Less\Node\Ruleset->compile(Object(Less\Environment))
#2 D:\vhosts\yii.gr\app\protected\extensions\less\lib\lessphp\lib\Less\Parser.php(146): Less\Parser->parse('/*!?? * Bootstr...', false)
#3 D:\vhosts\yii.gr\app\protected\extensions\less\components\LessCompiler.php(89): Less\Parser->parseFile('D:/vhosts/yii.g...')
#4 D:\vhosts\yii.gr\app\protected\extensions\less\components\LessCompiler.php(72): LessCompiler->parse('D:/vhosts/yii.g...')
#5 D:\vhosts\yii.gr\app\protected\extensions\less\components\LessCompiler.php(57): LessCompiler->compile()
#6 D:\vhosts\frameworks\yii_1.1.10\framework\base\CModule.php(388): LessCompiler->init()
#7 D:\vhosts\frameworks\yii_1.1.10\framework\base\CModule.php(493): CModule->getComponent('less')
#8 D:\vhosts\frameworks\yii_1.1.10\framework\base\CApplication.php(146): CModule->preloadComponents()
#9 D:\vhosts\frameworks\yii_1.1.10\framework\YiiBase.php(127): CApplication->__construct('D:\vhosts\yii.g...')
#10 D:\vhosts\frameworks\yii_1.1.10\framework\YiiBase.php(100): YiiBase::createApplication('CWebApplication', 'D:\vhosts\yii.g...')
#11 D:\vhosts\yii.gr\app\index.php(13): YiiBase::createWebApplication('D:\vhosts\yii.g...')
#12 {main}
REQUEST_URI=/app/
---
2012/04/06 01:55:15 [error] [exception.Less\Exception\CompilerException] exception 'Less\Exception\CompilerException' with message '#grid > .core is undefined' in D:\vhosts\yii.gr\app\protected\extensions\less\lib\lessphp\lib\Less\Node\Mixin\Call.php:56
Stack trace:
#0 D:\vhosts\yii.gr\app\protected\extensions\less\lib\lessphp\lib\Less\Node\Ruleset.php(55): Less\Node\Mixin\Call->compile(Object(Less\Environment))
#1 D:\vhosts\yii.gr\app\protected\extensions\less\lib\lessphp\lib\Less\Parser.php(123): Less\Node\Ruleset->compile(Object(Less\Environment))
#2 D:\vhosts\yii.gr\app\protected\extensions\less\lib\lessphp\lib\Less\Parser.php(146): Less\Parser->parse('/*!?? * Bootstr...', false)
#3 D:\vhosts\yii.gr\app\protected\extensions\less\components\LessCompiler.php(89): Less\Parser->parseFile('D:/vhosts/yii.g...')
#4 D:\vhosts\yii.gr\app\protected\extensions\less\components\LessCompiler.php(72): LessCompiler->parse('D:/vhosts/yii.g...')
#5 D:\vhosts\yii.gr\app\protected\extensions\less\components\LessCompiler.php(57): LessCompiler->compile()
#6 D:\vhosts\frameworks\yii_1.1.10\framework\base\CModule.php(388): LessCompiler->init()
#7 D:\vhosts\frameworks\yii_1.1.10\framework\base\CModule.php(493): CModule->getComponent('less')
#8 D:\vhosts\frameworks\yii_1.1.10\framework\base\CApplication.php(146): CModule->preloadComponents()
#9 D:\vhosts\frameworks\yii_1.1.10\framework\YiiBase.php(127): CApplication->__construct('D:\vhosts\yii.g...')
#10 D:\vhosts\frameworks\yii_1.1.10\framework\YiiBase.php(100): YiiBase::createApplication('CWebApplication', 'D:\vhosts\yii.g...')
#11 D:\vhosts\yii.gr\app\index.php(13): YiiBase::createWebApplication('D:\vhosts\yii.g...')
#12 {main}
REQUEST_URI=/app/
---
2012/04/06 01:55:26 [error] [exception.Less\Exception\CompilerException] exception 'Less\Exception\CompilerException' with message '#grid > .core is undefined' in D:\vhosts\yii.gr\app\protected\extensions\less\lib\lessphp\lib\Less\Node\Mixin\Call.php:56
Stack trace:
#0 D:\vhosts\yii.gr\app\protected\extensions\less\lib\lessphp\lib\Less\Node\Ruleset.php(55): Less\Node\Mixin\Call->compile(Object(Less\Environment))
#1 D:\vhosts\yii.gr\app\protected\extensions\less\lib\lessphp\lib\Less\Parser.php(123): Less\Node\Ruleset->compile(Object(Less\Environment))
#2 D:\vhosts\yii.gr\app\protected\extensions\less\lib\lessphp\lib\Less\Parser.php(146): Less\Parser->parse('/*!?? * Bootstr...', false)
#3 D:\vhosts\yii.gr\app\protected\extensions\less\components\LessCompiler.php(89): Less\Parser->parseFile('D:/vhosts/yii.g...')
#4 D:\vhosts\yii.gr\app\protected\extensions\less\components\LessCompiler.php(72): LessCompiler->parse('D:/vhosts/yii.g...')
#5 D:\vhosts\yii.gr\app\protected\extensions\less\components\LessCompiler.php(57): LessCompiler->compile()
#6 D:\vhosts\frameworks\yii_1.1.10\framework\base\CModule.php(388): LessCompiler->init()
#7 D:\vhosts\frameworks\yii_1.1.10\framework\base\CModule.php(493): CModule->getComponent('less')
#8 D:\vhosts\frameworks\yii_1.1.10\framework\base\CApplication.php(146): CModule->preloadComponents()
#9 D:\vhosts\frameworks\yii_1.1.10\framework\YiiBase.php(127): CApplication->__construct('D:\vhosts\yii.g...')
#10 D:\vhosts\frameworks\yii_1.1.10\framework\YiiBase.php(100): YiiBase::createApplication('CWebApplication', 'D:\vhosts\yii.g...')
#11 D:\vhosts\yii.gr\app\index.php(13): YiiBase::createWebApplication('D:\vhosts\yii.g...')
#12 {main}
REQUEST_URI=/app/
---
2012/04/06 01:55:51 [error] [exception.Less\Exception\CompilerException] exception 'Less\Exception\CompilerException' with message '#grid > .core is undefined' in D:\vhosts\yii.gr\app\protected\extensions\less\lib\lessphp\lib\Less\Node\Mixin\Call.php:56
Stack trace:
#0 D:\vhosts\yii.gr\app\protected\extensions\less\lib\lessphp\lib\Less\Node\Ruleset.php(55): Less\Node\Mixin\Call->compile(Object(Less\Environment))
#1 D:\vhosts\yii.gr\app\protected\extensions\less\lib\lessphp\lib\Less\Parser.php(123): Less\Node\Ruleset->compile(Object(Less\Environment))
#2 D:\vhosts\yii.gr\app\protected\extensions\less\lib\lessphp\lib\Less\Parser.php(146): Less\Parser->parse('/*!?? * Bootstr...', false)
#3 D:\vhosts\yii.gr\app\protected\extensions\less\components\LessCompiler.php(89): Less\Parser->parseFile('D:/vhosts/yii.g...')
#4 D:\vhosts\yii.gr\app\protected\extensions\less\components\LessCompiler.php(72): LessCompiler->parse('D:/vhosts/yii.g...')
#5 D:\vhosts\yii.gr\app\protected\extensions\less\components\LessCompiler.php(57): LessCompiler->compile()
#6 D:\vhosts\frameworks\yii_1.1.10\framework\base\CModule.php(388): LessCompiler->init()
#7 D:\vhosts\frameworks\yii_1.1.10\framework\base\CModule.php(493): CModule->getComponent('less')
#8 D:\vhosts\frameworks\yii_1.1.10\framework\base\CApplication.php(146): CModule->preloadComponents()
#9 D:\vhosts\frameworks\yii_1.1.10\framework\YiiBase.php(127): CApplication->__construct('D:\vhosts\yii.g...')
#10 D:\vhosts\frameworks\yii_1.1.10\framework\YiiBase.php(100): YiiBase::createApplication('CWebApplication', 'D:\vhosts\yii.g...')
#11 D:\vhosts\yii.gr\app\index.php(13): YiiBase::createWebApplication('D:\vhosts\yii.g...')
#12 {main}
REQUEST_URI=/app/
---
2012/04/06 01:56:25 [error] [exception.Less\Exception\CompilerException] exception 'Less\Exception\CompilerException' with message '#grid > .input is undefined' in D:\vhosts\yii.gr\app\protected\extensions\less\lib\lessphp\lib\Less\Node\Mixin\Call.php:56
Stack trace:
#0 D:\vhosts\yii.gr\app\protected\extensions\less\lib\lessphp\lib\Less\Node\Ruleset.php(55): Less\Node\Mixin\Call->compile(Object(Less\Environment))
#1 D:\vhosts\yii.gr\app\protected\extensions\less\lib\lessphp\lib\Less\Parser.php(123): Less\Node\Ruleset->compile(Object(Less\Environment))
#2 D:\vhosts\yii.gr\app\protected\extensions\less\lib\lessphp\lib\Less\Parser.php(146): Less\Parser->parse('/*!?? * Bootstr...', false)
#3 D:\vhosts\yii.gr\app\protected\extensions\less\components\LessCompiler.php(89): Less\Parser->parseFile('D:/vhosts/yii.g...')
#4 D:\vhosts\yii.gr\app\protected\extensions\less\components\LessCompiler.php(72): LessCompiler->parse('D:/vhosts/yii.g...')
#5 D:\vhosts\yii.gr\app\protected\extensions\less\components\LessCompiler.php(57): LessCompiler->compile()
#6 D:\vhosts\frameworks\yii_1.1.10\framework\base\CModule.php(388): LessCompiler->init()
#7 D:\vhosts\frameworks\yii_1.1.10\framework\base\CModule.php(493): CModule->getComponent('less')
#8 D:\vhosts\frameworks\yii_1.1.10\framework\base\CApplication.php(146): CModule->preloadComponents()
#9 D:\vhosts\frameworks\yii_1.1.10\framework\YiiBase.php(127): CApplication->__construct('D:\vhosts\yii.g...')
#10 D:\vhosts\frameworks\yii_1.1.10\framework\YiiBase.php(100): YiiBase::createApplication('CWebApplication', 'D:\vhosts\yii.g...')
#11 D:\vhosts\yii.gr\app\index.php(13): YiiBase::createWebApplication('D:\vhosts\yii.g...')
#12 {main}
REQUEST_URI=/app/
---
2012/04/06 08:34:43 [error] [exception.CException] exception 'CException' with message 'Property "SiteController.layfout" is not defined.' in D:\vhosts\frameworks\yii_1.1.10\framework\base\CComponent.php:174
Stack trace:
#0 D:\vhosts\yii.gr\app\protected\controllers\SiteController.php(33): CComponent->__set('layfout', '//layouts/colum...')
#1 D:\vhosts\frameworks\yii_1.1.10\framework\web\actions\CInlineAction.php(50): SiteController->actionIndex()
#2 D:\vhosts\frameworks\yii_1.1.10\framework\web\CController.php(309): CInlineAction->runWithParams(Array)
#3 D:\vhosts\frameworks\yii_1.1.10\framework\web\CController.php(287): CController->runAction(Object(CInlineAction))
#4 D:\vhosts\frameworks\yii_1.1.10\framework\web\CController.php(266): CController->runActionWithFilters(Object(CInlineAction), Array)
#5 D:\vhosts\frameworks\yii_1.1.10\framework\web\CWebApplication.php(276): CController->run('')
#6 D:\vhosts\frameworks\yii_1.1.10\framework\web\CWebApplication.php(135): CWebApplication->runController('')
#7 D:\vhosts\frameworks\yii_1.1.10\framework\base\CApplication.php(162): CWebApplication->processRequest()
#8 D:\vhosts\yii.gr\app\index.php(13): CApplication->run()
#9 {main}
REQUEST_URI=/app/
---
2012/04/09 07:09:28 [error] [exception.CException] exception 'CException' with message 'Alias "bootstrap.widgets.BootAlert" is invalid. Make sure it points to an existing directory or file.' in D:\vhosts\frameworks\yii_1.1.10\framework\YiiBase.php:343
Stack trace:
#0 D:\vhosts\frameworks\yii_1.1.10\framework\web\CWidgetFactory.php(147): YiiBase::import('bootstrap.widge...', true)
#1 D:\vhosts\frameworks\yii_1.1.10\framework\web\CBaseController.php(147): CWidgetFactory->createWidget(Object(SiteController), 'bootstrap.widge...', Array)
#2 D:\vhosts\frameworks\yii_1.1.10\framework\web\CBaseController.php(173): CBaseController->createWidget('bootstrap.widge...', Array)
#3 D:\vhosts\yii.gr\app\protected\views\site\index.php(4): CBaseController->widget('bootstrap.widge...')
#4 D:\vhosts\frameworks\yii_1.1.10\framework\web\CBaseController.php(127): require('D:\vhosts\yii.g...')
#5 D:\vhosts\frameworks\yii_1.1.10\framework\web\CBaseController.php(96): CBaseController->renderInternal('D:\vhosts\yii.g...', NULL, true)
#6 D:\vhosts\frameworks\yii_1.1.10\framework\web\CController.php(870): CBaseController->renderFile('D:\vhosts\yii.g...', NULL, true)
#7 D:\vhosts\frameworks\yii_1.1.10\framework\web\CController.php(783): CController->renderPartial('index', NULL, true)
#8 D:\vhosts\yii.gr\app\protected\controllers\SiteController.php(33): CController->render('index')
#9 D:\vhosts\frameworks\yii_1.1.10\framework\web\actions\CInlineAction.php(50): SiteController->actionIndex()
#10 D:\vhosts\frameworks\yii_1.1.10\framework\web\CController.php(309): CInlineAction->runWithParams(Array)
#11 D:\vhosts\frameworks\yii_1.1.10\framework\web\CController.php(287): CController->runAction(Object(CInlineAction))
#12 D:\vhosts\frameworks\yii_1.1.10\framework\web\CController.php(266): CController->runActionWithFilters(Object(CInlineAction), Array)
#13 D:\vhosts\frameworks\yii_1.1.10\framework\web\CWebApplication.php(276): CController->run('')
#14 D:\vhosts\frameworks\yii_1.1.10\framework\web\CWebApplication.php(135): CWebApplication->runController('')
#15 D:\vhosts\frameworks\yii_1.1.10\framework\base\CApplication.php(162): CWebApplication->processRequest()
#16 D:\vhosts\yii.gr\app\index.php(13): CApplication->run()
#17 {main}
REQUEST_URI=/app/
---
2012/04/14 01:43:08 [error] [exception.CException] exception 'CException' with message 'Alias "bootstrap.widgets.input.BootInput" is invalid. Make sure it points to an existing directory or file.' in D:\vhosts\frameworks\yii_1.1.10\framework\YiiBase.php:343
Stack trace:
#0 D:\vhosts\yii.gr\app\protected\views\site\contact.php(25): YiiBase::import('bootstrap.widge...')
#1 D:\vhosts\frameworks\yii_1.1.10\framework\web\CBaseController.php(127): require('D:\vhosts\yii.g...')
#2 D:\vhosts\frameworks\yii_1.1.10\framework\web\CBaseController.php(96): CBaseController->renderInternal('D:\vhosts\yii.g...', Array, true)
#3 D:\vhosts\frameworks\yii_1.1.10\framework\web\CController.php(870): CBaseController->renderFile('D:\vhosts\yii.g...', Array, true)
#4 D:\vhosts\frameworks\yii_1.1.10\framework\web\CController.php(783): CController->renderPartial('contact', Array, true)
#5 D:\vhosts\yii.gr\app\protected\controllers\SiteController.php(68): CController->render('contact', Array)
#6 D:\vhosts\frameworks\yii_1.1.10\framework\web\actions\CInlineAction.php(50): SiteController->actionContact()
#7 D:\vhosts\frameworks\yii_1.1.10\framework\web\CController.php(309): CInlineAction->runWithParams(Array)
#8 D:\vhosts\frameworks\yii_1.1.10\framework\web\CController.php(287): CController->runAction(Object(CInlineAction))
#9 D:\vhosts\frameworks\yii_1.1.10\framework\web\CController.php(266): CController->runActionWithFilters(Object(CInlineAction), Array)
#10 D:\vhosts\frameworks\yii_1.1.10\framework\web\CWebApplication.php(276): CController->run('contact')
#11 D:\vhosts\frameworks\yii_1.1.10\framework\web\CWebApplication.php(135): CWebApplication->runController('site/contact')
#12 D:\vhosts\frameworks\yii_1.1.10\framework\base\CApplication.php(162): CWebApplication->processRequest()
#13 D:\vhosts\yii.gr\app\index.php(13): CApplication->run()
#14 {main}
REQUEST_URI=/app/index.php/site/contact
HTTP_REFERER=http://yii.gr/app/index.php/site/contact
---
2012/04/14 01:43:38 [error] [exception.CException] exception 'CException' with message 'Alias "bootstrap.widgets.BootActiveForm" is invalid. Make sure it points to an existing directory or file.' in D:\vhosts\frameworks\yii_1.1.10\framework\YiiBase.php:343
Stack trace:
#0 D:\vhosts\yii.gr\app\protected\views\site\contact.php(25): YiiBase::import('bootstrap.widge...')
#1 D:\vhosts\frameworks\yii_1.1.10\framework\web\CBaseController.php(127): require('D:\vhosts\yii.g...')
#2 D:\vhosts\frameworks\yii_1.1.10\framework\web\CBaseController.php(96): CBaseController->renderInternal('D:\vhosts\yii.g...', Array, true)
#3 D:\vhosts\frameworks\yii_1.1.10\framework\web\CController.php(870): CBaseController->renderFile('D:\vhosts\yii.g...', Array, true)
#4 D:\vhosts\frameworks\yii_1.1.10\framework\web\CController.php(783): CController->renderPartial('contact', Array, true)
#5 D:\vhosts\yii.gr\app\protected\controllers\SiteController.php(68): CController->render('contact', Array)
#6 D:\vhosts\frameworks\yii_1.1.10\framework\web\actions\CInlineAction.php(50): SiteController->actionContact()
#7 D:\vhosts\frameworks\yii_1.1.10\framework\web\CController.php(309): CInlineAction->runWithParams(Array)
#8 D:\vhosts\frameworks\yii_1.1.10\framework\web\CController.php(287): CController->runAction(Object(CInlineAction))
#9 D:\vhosts\frameworks\yii_1.1.10\framework\web\CController.php(266): CController->runActionWithFilters(Object(CInlineAction), Array)
#10 D:\vhosts\frameworks\yii_1.1.10\framework\web\CWebApplication.php(276): CController->run('contact')
#11 D:\vhosts\frameworks\yii_1.1.10\framework\web\CWebApplication.php(135): CWebApplication->runController('site/contact')
#12 D:\vhosts\frameworks\yii_1.1.10\framework\base\CApplication.php(162): CWebApplication->processRequest()
#13 D:\vhosts\yii.gr\app\index.php(13): CApplication->run()
#14 {main}
REQUEST_URI=/app/index.php/site/contact
HTTP_REFERER=http://yii.gr/app/index.php/site/contact
---
2012/04/14 01:43:44 [error] [exception.CException] exception 'CException' with message 'Alias "bootstrap.widgets.BootActiveForm" is invalid. Make sure it points to an existing directory or file.' in D:\vhosts\frameworks\yii_1.1.10\framework\YiiBase.php:343
Stack trace:
#0 D:\vhosts\yii.gr\app\protected\views\site\contact.php(25): YiiBase::import('bootstrap.widge...')
#1 D:\vhosts\frameworks\yii_1.1.10\framework\web\CBaseController.php(127): require('D:\vhosts\yii.g...')
#2 D:\vhosts\frameworks\yii_1.1.10\framework\web\CBaseController.php(96): CBaseController->renderInternal('D:\vhosts\yii.g...', Array, true)
#3 D:\vhosts\frameworks\yii_1.1.10\framework\web\CController.php(870): CBaseController->renderFile('D:\vhosts\yii.g...', Array, true)
#4 D:\vhosts\frameworks\yii_1.1.10\framework\web\CController.php(783): CController->renderPartial('contact', Array, true)
#5 D:\vhosts\yii.gr\app\protected\controllers\SiteController.php(68): CController->render('contact', Array)
#6 D:\vhosts\frameworks\yii_1.1.10\framework\web\actions\CInlineAction.php(50): SiteController->actionContact()
#7 D:\vhosts\frameworks\yii_1.1.10\framework\web\CController.php(309): CInlineAction->runWithParams(Array)
#8 D:\vhosts\frameworks\yii_1.1.10\framework\web\CController.php(287): CController->runAction(Object(CInlineAction))
#9 D:\vhosts\frameworks\yii_1.1.10\framework\web\CController.php(266): CController->runActionWithFilters(Object(CInlineAction), Array)
#10 D:\vhosts\frameworks\yii_1.1.10\framework\web\CWebApplication.php(276): CController->run('contact')
#11 D:\vhosts\frameworks\yii_1.1.10\framework\web\CWebApplication.php(135): CWebApplication->runController('site/contact')
#12 D:\vhosts\frameworks\yii_1.1.10\framework\base\CApplication.php(162): CWebApplication->processRequest()
#13 D:\vhosts\yii.gr\app\index.php(13): CApplication->run()
#14 {main}
REQUEST_URI=/app/index.php/site/contact
HTTP_REFERER=http://yii.gr/app/index.php/site/contact
---
2012/04/14 01:44:49 [error] [exception.CException] exception 'CException' with message 'Alias "bootstrap.widgets.BootActiveForm" is invalid. Make sure it points to an existing directory or file.' in D:\vhosts\frameworks\yii_1.1.10\framework\YiiBase.php:343
Stack trace:
#0 D:\vhosts\yii.gr\app\protected\views\site\contact.php(25): YiiBase::import('bootstrap.widge...')
#1 D:\vhosts\frameworks\yii_1.1.10\framework\web\CBaseController.php(127): require('D:\vhosts\yii.g...')
#2 D:\vhosts\frameworks\yii_1.1.10\framework\web\CBaseController.php(96): CBaseController->renderInternal('D:\vhosts\yii.g...', Array, true)
#3 D:\vhosts\frameworks\yii_1.1.10\framework\web\CController.php(870): CBaseController->renderFile('D:\vhosts\yii.g...', Array, true)
#4 D:\vhosts\frameworks\yii_1.1.10\framework\web\CController.php(783): CController->renderPartial('contact', Array, true)
#5 D:\vhosts\yii.gr\app\protected\controllers\SiteController.php(68): CController->render('contact', Array)
#6 D:\vhosts\frameworks\yii_1.1.10\framework\web\actions\CInlineAction.php(50): SiteController->actionContact()
#7 D:\vhosts\frameworks\yii_1.1.10\framework\web\CController.php(309): CInlineAction->runWithParams(Array)
#8 D:\vhosts\frameworks\yii_1.1.10\framework\web\CController.php(287): CController->runAction(Object(CInlineAction))
#9 D:\vhosts\frameworks\yii_1.1.10\framework\web\CController.php(266): CController->runActionWithFilters(Object(CInlineAction), Array)
#10 D:\vhosts\frameworks\yii_1.1.10\framework\web\CWebApplication.php(276): CController->run('contact')
#11 D:\vhosts\frameworks\yii_1.1.10\framework\web\CWebApplication.php(135): CWebApplication->runController('site/contact')
#12 D:\vhosts\frameworks\yii_1.1.10\framework\base\CApplication.php(162): CWebApplication->processRequest()
#13 D:\vhosts\yii.gr\app\index.php(13): CApplication->run()
#14 {main}
REQUEST_URI=/app/index.php/site/contact
HTTP_REFERER=http://yii.gr/app/index.php/site/contact
---
2012/04/14 02:06:03 [error] [php] include(BootActiveForm.php) [<a href='function.include'>function.include</a>]: failed to open stream: No such file or directory (D:\vhosts\frameworks\yii_1.1.10\framework\YiiBase.php:418)
Stack trace:
#0 D:\vhosts\frameworks\yii_1.1.10\framework\web\CWidgetFactory.php(147): import()
#1 D:\vhosts\frameworks\yii_1.1.10\framework\web\CBaseController.php(147): CWidgetFactory->createWidget()
#2 D:\vhosts\frameworks\yii_1.1.10\framework\web\CBaseController.php(190): SiteController->createWidget()
#3 D:\vhosts\yii.gr\app\protected\views\site\contact.php(32): SiteController->beginWidget()
#4 D:\vhosts\frameworks\yii_1.1.10\framework\web\CBaseController.php(127): require()
#5 D:\vhosts\frameworks\yii_1.1.10\framework\web\CBaseController.php(96): SiteController->renderInternal()
#6 D:\vhosts\frameworks\yii_1.1.10\framework\web\CController.php(870): SiteController->renderFile()
#7 D:\vhosts\frameworks\yii_1.1.10\framework\web\CController.php(783): SiteController->renderPartial()
#8 D:\vhosts\yii.gr\app\protected\controllers\SiteController.php(68): SiteController->render()
#9 D:\vhosts\frameworks\yii_1.1.10\framework\web\actions\CInlineAction.php(50): SiteController->actionContact()
#10 D:\vhosts\frameworks\yii_1.1.10\framework\web\CController.php(309): CInlineAction->runWithParams()
#11 D:\vhosts\frameworks\yii_1.1.10\framework\web\CController.php(287): SiteController->runAction()
#12 D:\vhosts\frameworks\yii_1.1.10\framework\web\CController.php(266): SiteController->runActionWithFilters()
#13 D:\vhosts\frameworks\yii_1.1.10\framework\web\CWebApplication.php(276): SiteController->run()
#14 D:\vhosts\frameworks\yii_1.1.10\framework\web\CWebApplication.php(135): CWebApplication->runController()
#15 D:\vhosts\frameworks\yii_1.1.10\framework\base\CApplication.php(162): CWebApplication->processRequest()
#16 D:\vhosts\yii.gr\app\index.php(13): CWebApplication->run()
REQUEST_URI=/app/index.php/site/contact
in D:\vhosts\yii.gr\app\protected\views\site\contact.php (32)
in D:\vhosts\yii.gr\app\protected\controllers\SiteController.php (68)
in D:\vhosts\yii.gr\app\index.php (13)
2012/04/14 03:40:05 [error] [exception.CException] exception 'CException' with message 'Alias "boostrap.widgets.AACtiveForm" is invalid. Make sure it points to an existing directory or file.' in D:\vhosts\frameworks\yii_1.1.10\framework\YiiBase.php:343
Stack trace:
#0 D:\vhosts\yii.gr\app\protected\extensions\bootstrap\widgets\BootActiveForm.php(10): YiiBase::import('boostrap.widget...')
#1 D:\vhosts\frameworks\yii_1.1.10\framework\YiiBase.php(397): include('D:\vhosts\yii.g...')
#2 D:\vhosts\frameworks\yii_1.1.10\framework\YiiBase.php(298): YiiBase::autoload('BootActiveForm')
#3 D:\vhosts\frameworks\yii_1.1.10\framework\web\CWidgetFactory.php(147): YiiBase::import('BootActiveForm', true)
#4 D:\vhosts\frameworks\yii_1.1.10\framework\web\CBaseController.php(147): CWidgetFactory->createWidget(Object(SiteController), 'BootActiveForm', Array)
#5 D:\vhosts\frameworks\yii_1.1.10\framework\web\CBaseController.php(190): CBaseController->createWidget('BootActiveForm', Array)
#6 D:\vhosts\yii.gr\app\protected\views\site\contact.php(32): CBaseController->beginWidget('BootActiveForm', Array)
#7 D:\vhosts\frameworks\yii_1.1.10\framework\web\CBaseController.php(127): require('D:\vhosts\yii.g...')
#8 D:\vhosts\frameworks\yii_1.1.10\framework\web\CBaseController.php(96): CBaseController->renderInternal('D:\vhosts\yii.g...', Array, true)
#9 D:\vhosts\frameworks\yii_1.1.10\framework\web\CController.php(870): CBaseController->renderFile('D:\vhosts\yii.g...', Array, true)
#10 D:\vhosts\frameworks\yii_1.1.10\framework\web\CController.php(783): CController->renderPartial('contact', Array, true)
#11 D:\vhosts\yii.gr\app\protected\controllers\SiteController.php(68): CController->render('contact', Array)
#12 D:\vhosts\frameworks\yii_1.1.10\framework\web\actions\CInlineAction.php(50): SiteController->actionContact()
#13 D:\vhosts\frameworks\yii_1.1.10\framework\web\CController.php(309): CInlineAction->runWithParams(Array)
#14 D:\vhosts\frameworks\yii_1.1.10\framework\web\CController.php(287): CController->runAction(Object(CInlineAction))
#15 D:\vhosts\frameworks\yii_1.1.10\framework\web\CController.php(266): CController->runActionWithFilters(Object(CInlineAction), Array)
#16 D:\vhosts\frameworks\yii_1.1.10\framework\web\CWebApplication.php(276): CController->run('contact')
#17 D:\vhosts\frameworks\yii_1.1.10\framework\web\CWebApplication.php(135): CWebApplication->runController('site/contact')
#18 D:\vhosts\frameworks\yii_1.1.10\framework\base\CApplication.php(162): CWebApplication->processRequest()
#19 D:\vhosts\yii.gr\app\index.php(13): CApplication->run()
#20 {main}
REQUEST_URI=/app/index.php/site/contact
---
2012/04/14 03:40:20 [error] [exception.CException] exception 'CException' with message 'Alias "boostrap.widgets.AActiveForm" is invalid. Make sure it points to an existing directory or file.' in D:\vhosts\frameworks\yii_1.1.10\framework\YiiBase.php:343
Stack trace:
#0 D:\vhosts\yii.gr\app\protected\extensions\bootstrap\widgets\BootActiveForm.php(10): YiiBase::import('boostrap.widget...')
#1 D:\vhosts\frameworks\yii_1.1.10\framework\YiiBase.php(397): include('D:\vhosts\yii.g...')
#2 D:\vhosts\frameworks\yii_1.1.10\framework\YiiBase.php(298): YiiBase::autoload('BootActiveForm')
#3 D:\vhosts\frameworks\yii_1.1.10\framework\web\CWidgetFactory.php(147): YiiBase::import('BootActiveForm', true)
#4 D:\vhosts\frameworks\yii_1.1.10\framework\web\CBaseController.php(147): CWidgetFactory->createWidget(Object(SiteController), 'BootActiveForm', Array)
#5 D:\vhosts\frameworks\yii_1.1.10\framework\web\CBaseController.php(190): CBaseController->createWidget('BootActiveForm', Array)
#6 D:\vhosts\yii.gr\app\protected\views\site\contact.php(32): CBaseController->beginWidget('BootActiveForm', Array)
#7 D:\vhosts\frameworks\yii_1.1.10\framework\web\CBaseController.php(127): require('D:\vhosts\yii.g...')
#8 D:\vhosts\frameworks\yii_1.1.10\framework\web\CBaseController.php(96): CBaseController->renderInternal('D:\vhosts\yii.g...', Array, true)
#9 D:\vhosts\frameworks\yii_1.1.10\framework\web\CController.php(870): CBaseController->renderFile('D:\vhosts\yii.g...', Array, true)
#10 D:\vhosts\frameworks\yii_1.1.10\framework\web\CController.php(783): CController->renderPartial('contact', Array, true)
#11 D:\vhosts\yii.gr\app\protected\controllers\SiteController.php(68): CController->render('contact', Array)
#12 D:\vhosts\frameworks\yii_1.1.10\framework\web\actions\CInlineAction.php(50): SiteController->actionContact()
#13 D:\vhosts\frameworks\yii_1.1.10\framework\web\CController.php(309): CInlineAction->runWithParams(Array)
#14 D:\vhosts\frameworks\yii_1.1.10\framework\web\CController.php(287): CController->runAction(Object(CInlineAction))
#15 D:\vhosts\frameworks\yii_1.1.10\framework\web\CController.php(266): CController->runActionWithFilters(Object(CInlineAction), Array)
#16 D:\vhosts\frameworks\yii_1.1.10\framework\web\CWebApplication.php(276): CController->run('contact')
#17 D:\vhosts\frameworks\yii_1.1.10\framework\web\CWebApplication.php(135): CWebApplication->runController('site/contact')
#18 D:\vhosts\frameworks\yii_1.1.10\framework\base\CApplication.php(162): CWebApplication->processRequest()
#19 D:\vhosts\yii.gr\app\index.php(13): CApplication->run()
#20 {main}
REQUEST_URI=/app/index.php/site/contact
---
2012/04/14 03:40:22 [error] [exception.CException] exception 'CException' with message 'Alias "boostrap.widgets.AActiveForm" is invalid. Make sure it points to an existing directory or file.' in D:\vhosts\frameworks\yii_1.1.10\framework\YiiBase.php:343
Stack trace:
#0 D:\vhosts\yii.gr\app\protected\extensions\bootstrap\widgets\BootActiveForm.php(10): YiiBase::import('boostrap.widget...')
#1 D:\vhosts\frameworks\yii_1.1.10\framework\YiiBase.php(397): include('D:\vhosts\yii.g...')
#2 D:\vhosts\frameworks\yii_1.1.10\framework\YiiBase.php(298): YiiBase::autoload('BootActiveForm')
#3 D:\vhosts\frameworks\yii_1.1.10\framework\web\CWidgetFactory.php(147): YiiBase::import('BootActiveForm', true)
#4 D:\vhosts\frameworks\yii_1.1.10\framework\web\CBaseController.php(147): CWidgetFactory->createWidget(Object(SiteController), 'BootActiveForm', Array)
#5 D:\vhosts\frameworks\yii_1.1.10\framework\web\CBaseController.php(190): CBaseController->createWidget('BootActiveForm', Array)
#6 D:\vhosts\yii.gr\app\protected\views\site\contact.php(32): CBaseController->beginWidget('BootActiveForm', Array)
#7 D:\vhosts\frameworks\yii_1.1.10\framework\web\CBaseController.php(127): require('D:\vhosts\yii.g...')
#8 D:\vhosts\frameworks\yii_1.1.10\framework\web\CBaseController.php(96): CBaseController->renderInternal('D:\vhosts\yii.g...', Array, true)
#9 D:\vhosts\frameworks\yii_1.1.10\framework\web\CController.php(870): CBaseController->renderFile('D:\vhosts\yii.g...', Array, true)
#10 D:\vhosts\frameworks\yii_1.1.10\framework\web\CController.php(783): CController->renderPartial('contact', Array, true)
#11 D:\vhosts\yii.gr\app\protected\controllers\SiteController.php(68): CController->render('contact', Array)
#12 D:\vhosts\frameworks\yii_1.1.10\framework\web\actions\CInlineAction.php(50): SiteController->actionContact()
#13 D:\vhosts\frameworks\yii_1.1.10\framework\web\CController.php(309): CInlineAction->runWithParams(Array)
#14 D:\vhosts\frameworks\yii_1.1.10\framework\web\CController.php(287): CController->runAction(Object(CInlineAction))
#15 D:\vhosts\frameworks\yii_1.1.10\framework\web\CController.php(266): CController->runActionWithFilters(Object(CInlineAction), Array)
#16 D:\vhosts\frameworks\yii_1.1.10\framework\web\CWebApplication.php(276): CController->run('contact')
#17 D:\vhosts\frameworks\yii_1.1.10\framework\web\CWebApplication.php(135): CWebApplication->runController('site/contact')
#18 D:\vhosts\frameworks\yii_1.1.10\framework\base\CApplication.php(162): CWebApplication->processRequest()
#19 D:\vhosts\yii.gr\app\index.php(13): CApplication->run()
#20 {main}
REQUEST_URI=/app/index.php/site/contact
---
2012/04/14 03:40:24 [error] [exception.CException] exception 'CException' with message 'Alias "boostrap.widgets.AActiveForm" is invalid. Make sure it points to an existing directory or file.' in D:\vhosts\frameworks\yii_1.1.10\framework\YiiBase.php:343
Stack trace:
#0 D:\vhosts\yii.gr\app\protected\extensions\bootstrap\widgets\BootActiveForm.php(10): YiiBase::import('boostrap.widget...')
#1 D:\vhosts\frameworks\yii_1.1.10\framework\YiiBase.php(397): include('D:\vhosts\yii.g...')
#2 D:\vhosts\frameworks\yii_1.1.10\framework\YiiBase.php(298): YiiBase::autoload('BootActiveForm')
#3 D:\vhosts\frameworks\yii_1.1.10\framework\web\CWidgetFactory.php(147): YiiBase::import('BootActiveForm', true)
#4 D:\vhosts\frameworks\yii_1.1.10\framework\web\CBaseController.php(147): CWidgetFactory->createWidget(Object(SiteController), 'BootActiveForm', Array)
#5 D:\vhosts\frameworks\yii_1.1.10\framework\web\CBaseController.php(190): CBaseController->createWidget('BootActiveForm', Array)
#6 D:\vhosts\yii.gr\app\protected\views\site\contact.php(32): CBaseController->beginWidget('BootActiveForm', Array)
#7 D:\vhosts\frameworks\yii_1.1.10\framework\web\CBaseController.php(127): require('D:\vhosts\yii.g...')
#8 D:\vhosts\frameworks\yii_1.1.10\framework\web\CBaseController.php(96): CBaseController->renderInternal('D:\vhosts\yii.g...', Array, true)
#9 D:\vhosts\frameworks\yii_1.1.10\framework\web\CController.php(870): CBaseController->renderFile('D:\vhosts\yii.g...', Array, true)
#10 D:\vhosts\frameworks\yii_1.1.10\framework\web\CController.php(783): CController->renderPartial('contact', Array, true)
#11 D:\vhosts\yii.gr\app\protected\controllers\SiteController.php(68): CController->render('contact', Array)
#12 D:\vhosts\frameworks\yii_1.1.10\framework\web\actions\CInlineAction.php(50): SiteController->actionContact()
#13 D:\vhosts\frameworks\yii_1.1.10\framework\web\CController.php(309): CInlineAction->runWithParams(Array)
#14 D:\vhosts\frameworks\yii_1.1.10\framework\web\CController.php(287): CController->runAction(Object(CInlineAction))
#15 D:\vhosts\frameworks\yii_1.1.10\framework\web\CController.php(266): CController->runActionWithFilters(Object(CInlineAction), Array)
#16 D:\vhosts\frameworks\yii_1.1.10\framework\web\CWebApplication.php(276): CController->run('contact')
#17 D:\vhosts\frameworks\yii_1.1.10\framework\web\CWebApplication.php(135): CWebApplication->runController('site/contact')
#18 D:\vhosts\frameworks\yii_1.1.10\framework\base\CApplication.php(162): CWebApplication->processRequest()
#19 D:\vhosts\yii.gr\app\index.php(13): CApplication->run()
#20 {main}
REQUEST_URI=/app/index.php/site/contact
---
2012/04/14 10:07:37 [error] [exception.CException] exception 'CException' with message 'Property "CActiveForm. htmlOptions" is not defined.' in D:\vhosts\frameworks\yii_1.1.10\framework\base\CComponent.php:174
Stack trace:
#0 D:\vhosts\frameworks\yii_1.1.10\framework\web\CWidgetFactory.php(162): CComponent->__set(' htmlOptions', Array)
#1 D:\vhosts\frameworks\yii_1.1.10\framework\web\CBaseController.php(147): CWidgetFactory->createWidget(Object(SiteController), 'CActiveForm', Array)
#2 D:\vhosts\frameworks\yii_1.1.10\framework\web\CBaseController.php(190): CBaseController->createWidget('CActiveForm', Array)
#3 D:\vhosts\yii.gr\app\protected\views\site\login.php(26): CBaseController->beginWidget('CActiveForm', Array)
#4 D:\vhosts\frameworks\yii_1.1.10\framework\web\CBaseController.php(127): require('D:\vhosts\yii.g...')
#5 D:\vhosts\frameworks\yii_1.1.10\framework\web\CBaseController.php(96): CBaseController->renderInternal('D:\vhosts\yii.g...', Array, true)
#6 D:\vhosts\frameworks\yii_1.1.10\framework\web\CController.php(870): CBaseController->renderFile('D:\vhosts\yii.g...', Array, true)
#7 D:\vhosts\frameworks\yii_1.1.10\framework\web\CController.php(783): CController->renderPartial('login', Array, true)
#8 D:\vhosts\yii.gr\app\protected\controllers\SiteController.php(94): CController->render('login', Array)
#9 D:\vhosts\frameworks\yii_1.1.10\framework\web\actions\CInlineAction.php(50): SiteController->actionLogin()
#10 D:\vhosts\frameworks\yii_1.1.10\framework\web\CController.php(309): CInlineAction->runWithParams(Array)
#11 D:\vhosts\frameworks\yii_1.1.10\framework\web\CController.php(287): CController->runAction(Object(CInlineAction))
#12 D:\vhosts\frameworks\yii_1.1.10\framework\web\CController.php(266): CController->runActionWithFilters(Object(CInlineAction), Array)
#13 D:\vhosts\frameworks\yii_1.1.10\framework\web\CWebApplication.php(276): CController->run('login')
#14 D:\vhosts\frameworks\yii_1.1.10\framework\web\CWebApplication.php(135): CWebApplication->runController('site/login')
#15 D:\vhosts\frameworks\yii_1.1.10\framework\base\CApplication.php(162): CWebApplication->processRequest()
#16 D:\vhosts\yii.gr\app\index.php(13): CApplication->run()
#17 {main}
REQUEST_URI=/app/index.php/site/login
HTTP_REFERER=http://yii.gr/app/index.php/site/contact
---
2012/04/14 21:34:30 [error] [exception.CException] exception 'CException' with message 'Property "CWebApplication.end" is not defined.' in D:\vhosts\frameworks\yii_1.1.10\framework\base\CComponent.php:131
Stack trace:
#0 D:\vhosts\frameworks\yii_1.1.10\framework\base\CModule.php(106): CComponent->__get('end')
#1 D:\vhosts\yii.gr\app\protected\controllers\SiteController.php(94): CModule->__get('end')
#2 D:\vhosts\frameworks\yii_1.1.10\framework\web\actions\CInlineAction.php(50): SiteController->actionLogin()
#3 D:\vhosts\frameworks\yii_1.1.10\framework\web\CController.php(309): CInlineAction->runWithParams(Array)
#4 D:\vhosts\frameworks\yii_1.1.10\framework\web\CController.php(287): CController->runAction(Object(CInlineAction))
#5 D:\vhosts\frameworks\yii_1.1.10\framework\web\CController.php(266): CController->runActionWithFilters(Object(CInlineAction), Array)
#6 D:\vhosts\frameworks\yii_1.1.10\framework\web\CWebApplication.php(276): CController->run('login')
#7 D:\vhosts\frameworks\yii_1.1.10\framework\web\CWebApplication.php(135): CWebApplication->runController('site/login')
#8 D:\vhosts\frameworks\yii_1.1.10\framework\base\CApplication.php(162): CWebApplication->processRequest()
#9 D:\vhosts\yii.gr\app\index.php(13): CApplication->run()
#10 {main}
REQUEST_URI=/app/index.php/site/login
HTTP_REFERER=http://yii.gr/app/index.php/site/login
---
2012/04/14 21:34:42 [error] [exception.CException] exception 'CException' with message 'Property "CWebApplication.exit" is not defined.' in D:\vhosts\frameworks\yii_1.1.10\framework\base\CComponent.php:131
Stack trace:
#0 D:\vhosts\frameworks\yii_1.1.10\framework\base\CModule.php(106): CComponent->__get('exit')
#1 D:\vhosts\yii.gr\app\protected\controllers\SiteController.php(94): CModule->__get('exit')
#2 D:\vhosts\frameworks\yii_1.1.10\framework\web\actions\CInlineAction.php(50): SiteController->actionLogin()
#3 D:\vhosts\frameworks\yii_1.1.10\framework\web\CController.php(309): CInlineAction->runWithParams(Array)
#4 D:\vhosts\frameworks\yii_1.1.10\framework\web\CController.php(287): CController->runAction(Object(CInlineAction))
#5 D:\vhosts\frameworks\yii_1.1.10\framework\web\CController.php(266): CController->runActionWithFilters(Object(CInlineAction), Array)
#6 D:\vhosts\frameworks\yii_1.1.10\framework\web\CWebApplication.php(276): CController->run('login')
#7 D:\vhosts\frameworks\yii_1.1.10\framework\web\CWebApplication.php(135): CWebApplication->runController('site/login')
#8 D:\vhosts\frameworks\yii_1.1.10\framework\base\CApplication.php(162): CWebApplication->processRequest()
#9 D:\vhosts\yii.gr\app\index.php(13): CApplication->run()
#10 {main}
REQUEST_URI=/app/index.php/site/login
HTTP_REFERER=http://yii.gr/app/index.php/site/login
---
2012/04/15 01:31:56 [warning] [application] Failed to set unsafe attribute "verifyCode" of "ContactForm".
in D:\vhosts\yii.gr\app\protected\controllers\SiteController.php (59)
in D:\vhosts\yii.gr\app\index.php (13)
2012/04/15 01:32:17 [warning] [application] Failed to set unsafe attribute "verifyCode" of "ContactForm".
in D:\vhosts\yii.gr\app\protected\controllers\SiteController.php (59)
in D:\vhosts\yii.gr\app\index.php (13)
2012/04/15 01:35:16 [warning] [application] Failed to set unsafe attribute "verifyCode" of "ContactForm".
in D:\vhosts\yii.gr\app\protected\controllers\SiteController.php (59)
in D:\vhosts\yii.gr\app\index.php (13)
2012/04/15 01:38:29 [warning] [application] Failed to set unsafe attribute "verifyCode" of "ContactForm".
in D:\vhosts\yii.gr\app\protected\controllers\SiteController.php (59)
in D:\vhosts\yii.gr\app\index.php (13)
2012/04/15 01:43:47 [warning] [application] Failed to set unsafe attribute "verifyCode" of "ContactForm".
in D:\vhosts\yii.gr\app\protected\controllers\SiteController.php (59)
in D:\vhosts\yii.gr\app\index.php (13)
2012/04/15 01:48:03 [warning] [application] Failed to set unsafe attribute "verifyCode" of "ContactForm".
in D:\vhosts\yii.gr\app\protected\controllers\SiteController.php (59)
in D:\vhosts\yii.gr\app\index.php (13)
2012/04/15 01:51:03 [warning] [application] Failed to set unsafe attribute "verifyCode" of "ContactForm".
in D:\vhosts\yii.gr\app\protected\controllers\SiteController.php (59)
in D:\vhosts\yii.gr\app\index.php (13)
2012/04/15 01:52:19 [warning] [application] Failed to set unsafe attribute "verifyCode" of "ContactForm".
in D:\vhosts\yii.gr\app\protected\controllers\SiteController.php (59)
in D:\vhosts\yii.gr\app\index.php (13)
2012/04/15 02:00:15 [warning] [application] Failed to set unsafe attribute "verifyCode" of "ContactForm".
in D:\vhosts\yii.gr\app\protected\controllers\SiteController.php (59)
in D:\vhosts\yii.gr\app\index.php (13)
2012/04/15 02:03:06 [warning] [application] Failed to set unsafe attribute "verifyCode" of "ContactForm".
in D:\vhosts\yii.gr\app\protected\controllers\SiteController.php (59)
in D:\vhosts\yii.gr\app\index.php (13)
2012/04/15 02:11:46 [warning] [application] Failed to set unsafe attribute "verifyCode" of "ContactForm".
in D:\vhosts\yii.gr\app\protected\controllers\SiteController.php (59)
in D:\vhosts\yii.gr\app\index.php (13)
2012/04/15 02:17:27 [warning] [application] Failed to set unsafe attribute "verifyCode" of "ContactForm".
in D:\vhosts\yii.gr\app\protected\controllers\SiteController.php (59)
in D:\vhosts\yii.gr\app\index.php (13)
2012/04/15 02:18:07 [warning] [application] Failed to set unsafe attribute "verifyCode" of "ContactForm".
in D:\vhosts\yii.gr\app\protected\controllers\SiteController.php (59)
in D:\vhosts\yii.gr\app\index.php (13)
2012/04/15 02:19:06 [warning] [application] Failed to set unsafe attribute "verifyCode" of "ContactForm".
in D:\vhosts\yii.gr\app\protected\controllers\SiteController.php (59)
in D:\vhosts\yii.gr\app\index.php (13)
2012/04/15 02:19:37 [warning] [application] Failed to set unsafe attribute "verifyCode" of "ContactForm".
in D:\vhosts\yii.gr\app\protected\controllers\SiteController.php (59)
in D:\vhosts\yii.gr\app\index.php (13)
2012/04/15 07:45:08 [warning] [application] Failed to set unsafe attribute "verifyCode" of "ContactForm".
in D:\vhosts\yii.gr\app\protected\controllers\SiteController.php (59)
in D:\vhosts\yii.gr\app\index.php (13)
2012/04/15 07:56:04 [warning] [application] Failed to set unsafe attribute "verifyCode" of "ContactForm".
in D:\vhosts\yii.gr\app\protected\controllers\SiteController.php (59)
in D:\vhosts\yii.gr\app\index.php (13)
2012/04/15 07:58:17 [warning] [application] Failed to set unsafe attribute "verifyCode" of "ContactForm".
in D:\vhosts\yii.gr\app\protected\controllers\SiteController.php (59)
in D:\vhosts\yii.gr\app\index.php (13)
2012/04/15 08:01:08 [warning] [application] Failed to set unsafe attribute "verifyCode" of "ContactForm".
in D:\vhosts\yii.gr\app\protected\controllers\SiteController.php (59)
in D:\vhosts\yii.gr\app\index.php (13)
2012/04/15 08:17:57 [warning] [application] Failed to set unsafe attribute "verifyCode" of "ContactForm".
in D:\vhosts\yii.gr\app\protected\controllers\SiteController.php (59)
in D:\vhosts\yii.gr\app\index.php (13)
2012/04/16 01:25:01 [error] [exception.CHttpException.404] exception 'CHttpException' with message 'The system is unable to find the requested action "indexw".' in D:\vhosts\frameworks\yii_1.1.10\framework\web\CController.php:484
Stack trace:
#0 D:\vhosts\frameworks\yii_1.1.10\framework\web\CController.php(271): CController->missingAction('indexw')
#1 D:\vhosts\frameworks\yii_1.1.10\framework\web\CWebApplication.php(276): CController->run('indexw')
#2 D:\vhosts\frameworks\yii_1.1.10\framework\web\CWebApplication.php(135): CWebApplication->runController('site/indexw')
#3 D:\vhosts\frameworks\yii_1.1.10\framework\base\CApplication.php(162): CWebApplication->processRequest()
#4 D:\vhosts\yii.gr\app\index.php(13): CApplication->run()
#5 {main}
REQUEST_URI=/app/index.php/site/indexw
HTTP_REFERER=http://yii.gr/app/index.php/site/contact
---
2012/04/16 09:26:56 [warning] [application] Failed to set unsafe attribute "verifyCode" of "ContactForm".
in D:\vhosts\yii.gr\app\protected\controllers\SiteController.php (59)
in D:\vhosts\yii.gr\app\index.php (13)
2012/04/16 09:30:15 [warning] [application] Failed to set unsafe attribute "verifyCode" of "ContactForm".
in D:\vhosts\yii.gr\app\protected\controllers\SiteController.php (59)
in D:\vhosts\yii.gr\app\index.php (13)
2012/04/16 09:30:37 [warning] [application] Failed to set unsafe attribute "verifyCode" of "ContactForm".
in D:\vhosts\yii.gr\app\protected\controllers\SiteController.php (59)
in D:\vhosts\yii.gr\app\index.php (13)
2012/04/16 09:31:42 [warning] [application] Failed to set unsafe attribute "verifyCode" of "ContactForm".
in D:\vhosts\yii.gr\app\protected\controllers\SiteController.php (59)
in D:\vhosts\yii.gr\app\index.php (13)
2012/04/16 09:33:17 [warning] [application] Failed to set unsafe attribute "verifyCode" of "ContactForm".
in D:\vhosts\yii.gr\app\protected\controllers\SiteController.php (59)
in D:\vhosts\yii.gr\app\index.php (13)
2012/04/16 09:34:07 [warning] [application] Failed to set unsafe attribute "verifyCode" of "ContactForm".
in D:\vhosts\yii.gr\app\protected\controllers\SiteController.php (59)
in D:\vhosts\yii.gr\app\index.php (13)
2012/04/16 09:35:10 [warning] [application] Failed to set unsafe attribute "verifyCode" of "ContactForm".
in D:\vhosts\yii.gr\app\protected\controllers\SiteController.php (59)
in D:\vhosts\yii.gr\app\index.php (13)
2012/04/16 09:35:45 [warning] [application] Failed to set unsafe attribute "verifyCode" of "ContactForm".
in D:\vhosts\yii.gr\app\protected\controllers\SiteController.php (59)
in D:\vhosts\yii.gr\app\index.php (13)
2012/04/16 09:40:42 [warning] [application] Failed to set unsafe attribute "verifyCode" of "ContactForm".
in D:\vhosts\yii.gr\app\protected\controllers\SiteController.php (59)
in D:\vhosts\yii.gr\app\index.php (13)
2012/04/16 09:42:13 [warning] [application] Failed to set unsafe attribute "verifyCode" of "ContactForm".
in D:\vhosts\yii.gr\app\protected\controllers\SiteController.php (59)
in D:\vhosts\yii.gr\app\index.php (13)
2012/04/16 09:43:32 [warning] [application] Failed to set unsafe attribute "verifyCode" of "ContactForm".
in D:\vhosts\yii.gr\app\protected\controllers\SiteController.php (59)
in D:\vhosts\yii.gr\app\index.php (13)
2012/04/16 09:47:19 [warning] [application] Failed to set unsafe attribute "verifyCode" of "ContactForm".
in D:\vhosts\yii.gr\app\protected\controllers\SiteController.php (59)
in D:\vhosts\yii.gr\app\index.php (13)
2012/04/16 09:58:43 [warning] [application] Failed to set unsafe attribute "verifyCode" of "ContactForm".
in D:\vhosts\yii.gr\app\protected\controllers\SiteController.php (59)
in D:\vhosts\yii.gr\app\index.php (13)
2012/04/16 10:00:40 [warning] [application] Failed to set unsafe attribute "verifyCode" of "ContactForm".
in D:\vhosts\yii.gr\app\protected\controllers\SiteController.php (59)
in D:\vhosts\yii.gr\app\index.php (13)
2012/04/16 23:58:43 [error] [exception.CHttpException.403] exception 'CHttpException' with message 'You are not authorized to perform this action.' in D:\vhosts\frameworks\yii_1.1.10\framework\web\auth\CAccessControlFilter.php:157
Stack trace:
#0 D:\vhosts\frameworks\yii_1.1.10\framework\web\auth\CAccessControlFilter.php(120): CAccessControlFilter->accessDenied(Object(CWebUser), 'You are not aut...')
#1 D:\vhosts\frameworks\yii_1.1.10\framework\web\filters\CFilter.php(39): CAccessControlFilter->preFilter(Object(CFilterChain))
#2 D:\vhosts\frameworks\yii_1.1.10\framework\web\CController.php(1146): CFilter->filter(Object(CFilterChain))
#3 D:\vhosts\frameworks\yii_1.1.10\framework\web\filters\CInlineFilter.php(59): CController->filterAccessControl(Object(CFilterChain))
#4 D:\vhosts\frameworks\yii_1.1.10\framework\web\filters\CFilterChain.php(131): CInlineFilter->filter(Object(CFilterChain))
#5 D:\vhosts\frameworks\yii_1.1.10\framework\web\CController.php(292): CFilterChain->run()
#6 D:\vhosts\frameworks\yii_1.1.10\framework\web\CController.php(266): CController->runActionWithFilters(Object(CInlineAction), Array)
#7 D:\vhosts\frameworks\yii_1.1.10\framework\web\CWebApplication.php(276): CController->run('admin')
#8 D:\vhosts\frameworks\yii_1.1.10\framework\web\CWebApplication.php(135): CWebApplication->runController('book/admin')
#9 D:\vhosts\frameworks\yii_1.1.10\framework\base\CApplication.php(162): CWebApplication->processRequest()
#10 D:\vhosts\yii.gr\app\index.php(13): CApplication->run()
#11 {main}
REQUEST_URI=/app/index.php/book/admin
---
2012/04/17 08:43:14 [error] [exception.CException] exception 'CException' with message 'CActiveForm and its behaviors do not have a method or closure named "emailField".' in D:\vhosts\frameworks\yii_1.1.10\framework\base\CComponent.php:266
Stack trace:
#0 D:\vhosts\yii.gr\app\protected\views\site\contact.php(50): CComponent->__call('emailField', Array)
#1 D:\vhosts\yii.gr\app\protected\views\site\contact.php(50): CActiveForm->emailField(Object(ContactForm), 'email')
#2 D:\vhosts\frameworks\yii_1.1.10\framework\web\CBaseController.php(127): require('D:\vhosts\yii.g...')
#3 D:\vhosts\frameworks\yii_1.1.10\framework\web\CBaseController.php(96): CBaseController->renderInternal('D:\vhosts\yii.g...', Array, true)
#4 D:\vhosts\frameworks\yii_1.1.10\framework\web\CController.php(870): CBaseController->renderFile('D:\vhosts\yii.g...', Array, true)
#5 D:\vhosts\frameworks\yii_1.1.10\framework\web\CController.php(783): CController->renderPartial('contact', Array, true)
#6 D:\vhosts\yii.gr\app\protected\controllers\SiteController.php(70): CController->render('contact', Array)
#7 D:\vhosts\frameworks\yii_1.1.10\framework\web\actions\CInlineAction.php(50): SiteController->actionContact()
#8 D:\vhosts\frameworks\yii_1.1.10\framework\web\CController.php(309): CInlineAction->runWithParams(Array)
#9 D:\vhosts\frameworks\yii_1.1.10\framework\web\CController.php(287): CController->runAction(Object(CInlineAction))
#10 D:\vhosts\frameworks\yii_1.1.10\framework\web\CController.php(266): CController->runActionWithFilters(Object(CInlineAction), Array)
#11 D:\vhosts\frameworks\yii_1.1.10\framework\web\CWebApplication.php(276): CController->run('contact')
#12 D:\vhosts\frameworks\yii_1.1.10\framework\web\CWebApplication.php(135): CWebApplication->runController('site/contact')
#13 D:\vhosts\frameworks\yii_1.1.10\framework\base\CApplication.php(162): CWebApplication->processRequest()
#14 D:\vhosts\yii.gr\app\index.php(13): CApplication->run()
#15 {main}
REQUEST_URI=/app/index.php/site/contact
HTTP_REFERER=http://yii.gr/app/
---
2012/04/17 08:50:57 [error] [php] include(D:\vhosts\frameworks\yii_1.1.10\framework/web/widgets/CActiveForm.php) [<a href='function.include'>function.include</a>]: failed to open stream: No such file or directory (D:\vhosts\frameworks\yii_1.1.10\framework\YiiBase.php:399)
Stack trace:
#0 D:\vhosts\frameworks\yii_1.1.10\framework\web\CWidgetFactory.php(147): import()
#1 D:\vhosts\frameworks\yii_1.1.10\framework\web\CBaseController.php(147): CWidgetFactory->createWidget()
#2 D:\vhosts\frameworks\yii_1.1.10\framework\web\CBaseController.php(190): SiteController->createWidget()
#3 D:\vhosts\yii.gr\app\protected\views\site\contact.php(30): SiteController->beginWidget()
#4 D:\vhosts\frameworks\yii_1.1.10\framework\web\CBaseController.php(127): require()
#5 D:\vhosts\frameworks\yii_1.1.10\framework\web\CBaseController.php(96): SiteController->renderInternal()
#6 D:\vhosts\frameworks\yii_1.1.10\framework\web\CController.php(870): SiteController->renderFile()
#7 D:\vhosts\frameworks\yii_1.1.10\framework\web\CController.php(783): SiteController->renderPartial()
#8 D:\vhosts\yii.gr\app\protected\controllers\SiteController.php(70): SiteController->render()
#9 D:\vhosts\frameworks\yii_1.1.10\framework\web\actions\CInlineAction.php(50): SiteController->actionContact()
#10 D:\vhosts\frameworks\yii_1.1.10\framework\web\CController.php(309): CInlineAction->runWithParams()
#11 D:\vhosts\frameworks\yii_1.1.10\framework\web\CController.php(287): SiteController->runAction()
#12 D:\vhosts\frameworks\yii_1.1.10\framework\web\CController.php(266): SiteController->runActionWithFilters()
#13 D:\vhosts\frameworks\yii_1.1.10\framework\web\CWebApplication.php(276): SiteController->run()
#14 D:\vhosts\frameworks\yii_1.1.10\framework\web\CWebApplication.php(135): CWebApplication->runController()
#15 D:\vhosts\frameworks\yii_1.1.10\framework\base\CApplication.php(162): CWebApplication->processRequest()
#16 D:\vhosts\yii.gr\app\index.php(13): CWebApplication->run()
REQUEST_URI=/app/index.php/site/contact
in D:\vhosts\yii.gr\app\protected\views\site\contact.php (30)
in D:\vhosts\yii.gr\app\protected\controllers\SiteController.php (70)
in D:\vhosts\yii.gr\app\index.php (13)
2012/04/17 09:36:32 [error] [exception.CHttpException.404] exception 'CHttpException' with message 'Unable to resolve the request "index/book/index".' in D:\vhosts\frameworks\yii_1.1.10\framework\web\CWebApplication.php:280
Stack trace:
#0 D:\vhosts\frameworks\yii_1.1.10\framework\web\CWebApplication.php(135): CWebApplication->runController('index/book/inde...')
#1 D:\vhosts\frameworks\yii_1.1.10\framework\base\CApplication.php(162): CWebApplication->processRequest()
#2 D:\vhosts\yii.gr\app\index.php(13): CApplication->run()
#3 {main}
REQUEST_URI=/app/index.php/index/book/index
---
2012/04/17 09:41:30 [error] [exception.CHttpException.404] exception 'CHttpException' with message 'Unable to resolve the request "index/book/index".' in D:\vhosts\frameworks\yii_1.1.10\framework\web\CWebApplication.php:280
Stack trace:
#0 D:\vhosts\frameworks\yii_1.1.10\framework\web\CWebApplication.php(135): CWebApplication->runController('index/book/inde...')
#1 D:\vhosts\frameworks\yii_1.1.10\framework\base\CApplication.php(162): CWebApplication->processRequest()
#2 D:\vhosts\yii.gr\app\index.php(13): CApplication->run()
#3 {main}
REQUEST_URI=/app/index.php/index/book/index
---
2012/04/17 10:37:39 [error] [exception.CException] exception 'CException' with message 'Alias "bootstrap.widgets.BootPager" is invalid. Make sure it points to an existing directory or file.' in D:\vhosts\frameworks\yii_1.1.10\framework\YiiBase.php:343
Stack trace:
#0 D:\vhosts\frameworks\yii_1.1.10\framework\web\CWidgetFactory.php(147): YiiBase::import('bootstrap.widge...', true)
#1 D:\vhosts\frameworks\yii_1.1.10\framework\web\CBaseController.php(147): CWidgetFactory->createWidget(Object(BootListView), 'bootstrap.widge...', Array)
#2 D:\vhosts\frameworks\yii_1.1.10\framework\web\CBaseController.php(173): CBaseController->createWidget('bootstrap.widge...', Array)
#3 D:\vhosts\frameworks\yii_1.1.10\framework\zii\widgets\CBaseListView.php(266): CBaseController->widget('bootstrap.widge...', Array)
#4 D:\vhosts\frameworks\yii_1.1.10\framework\zii\widgets\CBaseListView.php(158): CBaseListView->renderPager()
#5 [internal function]: CBaseListView->renderSection(Array)
#6 D:\vhosts\frameworks\yii_1.1.10\framework\zii\widgets\CBaseListView.php(141): preg_replace_callback('/{(\w+)}/', Array, '{summary}?{sort...')
#7 D:\vhosts\frameworks\yii_1.1.10\framework\zii\widgets\CBaseListView.php(126): CBaseListView->renderContent()
#8 D:\vhosts\frameworks\yii_1.1.10\framework\web\CBaseController.php(174): CBaseListView->run()
#9 D:\vhosts\yii.gr\app\protected\views\book\index.php(17): CBaseController->widget('ext.bootstrap.w...', Array)
#10 D:\vhosts\frameworks\yii_1.1.10\framework\web\CBaseController.php(127): require('D:\vhosts\yii.g...')
#11 D:\vhosts\frameworks\yii_1.1.10\framework\web\CBaseController.php(96): CBaseController->renderInternal('D:\vhosts\yii.g...', Array, true)
#12 D:\vhosts\frameworks\yii_1.1.10\framework\web\CController.php(870): CBaseController->renderFile('D:\vhosts\yii.g...', Array, true)
#13 D:\vhosts\frameworks\yii_1.1.10\framework\web\CController.php(783): CController->renderPartial('index', Array, true)
#14 D:\vhosts\yii.gr\app\protected\controllers\BookController.php(135): CController->render('index', Array)
#15 D:\vhosts\frameworks\yii_1.1.10\framework\web\actions\CInlineAction.php(50): BookController->actionIndex()
#16 D:\vhosts\frameworks\yii_1.1.10\framework\web\CController.php(309): CInlineAction->runWithParams(Array)
#17 D:\vhosts\frameworks\yii_1.1.10\framework\web\filters\CFilterChain.php(134): CController->runAction(Object(CInlineAction))
#18 D:\vhosts\frameworks\yii_1.1.10\framework\web\filters\CFilter.php(41): CFilterChain->run()
#19 D:\vhosts\frameworks\yii_1.1.10\framework\web\CController.php(1146): CFilter->filter(Object(CFilterChain))
#20 D:\vhosts\frameworks\yii_1.1.10\framework\web\filters\CInlineFilter.php(59): CController->filterAccessControl(Object(CFilterChain))
#21 D:\vhosts\frameworks\yii_1.1.10\framework\web\filters\CFilterChain.php(131): CInlineFilter->filter(Object(CFilterChain))
#22 D:\vhosts\frameworks\yii_1.1.10\framework\web\CController.php(292): CFilterChain->run()
#23 D:\vhosts\frameworks\yii_1.1.10\framework\web\CController.php(266): CController->runActionWithFilters(Object(CInlineAction), Array)
#24 D:\vhosts\frameworks\yii_1.1.10\framework\web\CWebApplication.php(276): CController->run('index')
#25 D:\vhosts\frameworks\yii_1.1.10\framework\web\CWebApplication.php(135): CWebApplication->runController('book/index')
#26 D:\vhosts\frameworks\yii_1.1.10\framework\base\CApplication.php(162): CWebApplication->processRequest()
#27 D:\vhosts\yii.gr\app\index.php(13): CApplication->run()
#28 {main}
REQUEST_URI=/app/index.php/book/index
---
2012/04/17 10:39:29 [error] [exception.CException] exception 'CException' with message 'Alias "bootstrap.widgets.BootPager" is invalid. Make sure it points to an existing PHP file.' in D:\vhosts\frameworks\yii_1.1.10\framework\YiiBase.php:318
Stack trace:
#0 D:\vhosts\frameworks\yii_1.1.10\framework\web\CWidgetFactory.php(147): YiiBase::import('bootstrap.widge...', true)
#1 D:\vhosts\frameworks\yii_1.1.10\framework\web\CBaseController.php(147): CWidgetFactory->createWidget(Object(BootListView), 'bootstrap.widge...', Array)
#2 D:\vhosts\frameworks\yii_1.1.10\framework\web\CBaseController.php(173): CBaseController->createWidget('bootstrap.widge...', Array)
#3 D:\vhosts\frameworks\yii_1.1.10\framework\zii\widgets\CBaseListView.php(266): CBaseController->widget('bootstrap.widge...', Array)
#4 D:\vhosts\frameworks\yii_1.1.10\framework\zii\widgets\CBaseListView.php(158): CBaseListView->renderPager()
#5 [internal function]: CBaseListView->renderSection(Array)
#6 D:\vhosts\frameworks\yii_1.1.10\framework\zii\widgets\CBaseListView.php(141): preg_replace_callback('/{(\w+)}/', Array, '{summary}?{sort...')
#7 D:\vhosts\frameworks\yii_1.1.10\framework\zii\widgets\CBaseListView.php(126): CBaseListView->renderContent()
#8 D:\vhosts\frameworks\yii_1.1.10\framework\web\CBaseController.php(174): CBaseListView->run()
#9 D:\vhosts\yii.gr\app\protected\views\book\index.php(17): CBaseController->widget('ext.bootstrap.w...', Array)
#10 D:\vhosts\frameworks\yii_1.1.10\framework\web\CBaseController.php(127): require('D:\vhosts\yii.g...')
#11 D:\vhosts\frameworks\yii_1.1.10\framework\web\CBaseController.php(96): CBaseController->renderInternal('D:\vhosts\yii.g...', Array, true)
#12 D:\vhosts\frameworks\yii_1.1.10\framework\web\CController.php(870): CBaseController->renderFile('D:\vhosts\yii.g...', Array, true)
#13 D:\vhosts\frameworks\yii_1.1.10\framework\web\CController.php(783): CController->renderPartial('index', Array, true)
#14 D:\vhosts\yii.gr\app\protected\controllers\BookController.php(135): CController->render('index', Array)
#15 D:\vhosts\frameworks\yii_1.1.10\framework\web\actions\CInlineAction.php(50): BookController->actionIndex()
#16 D:\vhosts\frameworks\yii_1.1.10\framework\web\CController.php(309): CInlineAction->runWithParams(Array)
#17 D:\vhosts\frameworks\yii_1.1.10\framework\web\filters\CFilterChain.php(134): CController->runAction(Object(CInlineAction))
#18 D:\vhosts\frameworks\yii_1.1.10\framework\web\filters\CFilter.php(41): CFilterChain->run()
#19 D:\vhosts\frameworks\yii_1.1.10\framework\web\CController.php(1146): CFilter->filter(Object(CFilterChain))
#20 D:\vhosts\frameworks\yii_1.1.10\framework\web\filters\CInlineFilter.php(59): CController->filterAccessControl(Object(CFilterChain))
#21 D:\vhosts\frameworks\yii_1.1.10\framework\web\filters\CFilterChain.php(131): CInlineFilter->filter(Object(CFilterChain))
#22 D:\vhosts\frameworks\yii_1.1.10\framework\web\CController.php(292): CFilterChain->run()
#23 D:\vhosts\frameworks\yii_1.1.10\framework\web\CController.php(266): CController->runActionWithFilters(Object(CInlineAction), Array)
#24 D:\vhosts\frameworks\yii_1.1.10\framework\web\CWebApplication.php(276): CController->run('index')
#25 D:\vhosts\frameworks\yii_1.1.10\framework\web\CWebApplication.php(135): CWebApplication->runController('book/index')
#26 D:\vhosts\frameworks\yii_1.1.10\framework\base\CApplication.php(162): CWebApplication->processRequest()
#27 D:\vhosts\yii.gr\app\index.php(13): CApplication->run()
#28 {main}
REQUEST_URI=/app/index.php/book/index
---
2012/04/17 11:20:28 [warning] [application] Failed to set unsafe attribute "verifyCode" of "ContactForm".
in D:\vhosts\yii.gr\app\protected\controllers\SiteController.php (59)
in D:\vhosts\yii.gr\app\index.php (13)
2012/04/18 21:50:52 [warning] [application] Failed to set unsafe attribute "verifyCode" of "ContactForm".
in D:\vhosts\yii.gr\app\protected\controllers\SiteController.php (60)
in D:\vhosts\yii.gr\app\index.php (13)
2012/04/19 00:01:35 [warning] [application] Failed to set unsafe attribute "verifyCode" of "ContactForm".
in D:\vhosts\yii.gr\app\protected\controllers\SiteController.php (60)
in D:\vhosts\yii.gr\app\index.php (13)
2012/04/21 10:19:02 [error] [exception.CException] exception 'CException' with message 'Property "CUrlManager.showScriptNasme" is not defined.' in D:\vhosts\frameworks\yii_1.1.10\framework\base\CComponent.php:174
Stack trace:
#0 D:\vhosts\frameworks\yii_1.1.10\framework\YiiBase.php(222): CComponent->__set('showScriptNasme', false)
#1 D:\vhosts\frameworks\yii_1.1.10\framework\base\CModule.php(387): YiiBase::createComponent(Array)
#2 D:\vhosts\frameworks\yii_1.1.10\framework\base\CApplication.php(503): CModule->getComponent('urlManager')
#3 D:\vhosts\frameworks\yii_1.1.10\framework\web\CWebApplication.php(134): CApplication->getUrlManager()
#4 D:\vhosts\frameworks\yii_1.1.10\framework\base\CApplication.php(162): CWebApplication->processRequest()
#5 D:\vhosts\yii.gr\app\index.php(13): CApplication->run()
#6 {main}
REQUEST_URI=/app/site/page?view=about
HTTP_REFERER=http://yii.gr/app/site/contact
---
2012/10/20 19:59:09 [error] [exception.CHttpException.404] exception 'CHttpException' with message 'Unable to resolve the request "em_app/css/bs/bootstrap.css".' in D:\vhosts\frameworks\yii_1.1.10\framework\web\CWebApplication.php:280
Stack trace:
#0 D:\vhosts\frameworks\yii_1.1.10\framework\web\CWebApplication.php(135): CWebApplication->runController('em_app/css/bs/b...')
#1 D:\vhosts\frameworks\yii_1.1.10\framework\base\CApplication.php(162): CWebApplication->processRequest()
#2 D:\vhosts\yii.gr\yii_ember\index.php(13): CApplication->run()
#3 {main}
REQUEST_URI=/yii_ember/em_app/css/bs/bootstrap.css
HTTP_REFERER=http://yii.gr/yii_ember/site/app
---
2012/10/20 19:59:09 [error] [exception.CHttpException.404] exception 'CHttpException' with message 'Unable to resolve the request "em_app/css/app.css".' in D:\vhosts\frameworks\yii_1.1.10\framework\web\CWebApplication.php:280
Stack trace:
#0 D:\vhosts\frameworks\yii_1.1.10\framework\web\CWebApplication.php(135): CWebApplication->runController('em_app/css/app....')
#1 D:\vhosts\frameworks\yii_1.1.10\framework\base\CApplication.php(162): CWebApplication->processRequest()
#2 D:\vhosts\yii.gr\yii_ember\index.php(13): CApplication->run()
#3 {main}
REQUEST_URI=/yii_ember/em_app/css/app.css
HTTP_REFERER=http://yii.gr/yii_ember/site/app
---
2012/10/20 19:59:09 [error] [exception.CHttpException.404] exception 'CHttpException' with message 'Unable to resolve the request "em_app/lib/require/require.js".' in D:\vhosts\frameworks\yii_1.1.10\framework\web\CWebApplication.php:280
Stack trace:
#0 D:\vhosts\frameworks\yii_1.1.10\framework\web\CWebApplication.php(135): CWebApplication->runController('em_app/lib/requ...')
#1 D:\vhosts\frameworks\yii_1.1.10\framework\base\CApplication.php(162): CWebApplication->processRequest()
#2 D:\vhosts\yii.gr\yii_ember\index.php(13): CApplication->run()
#3 {main}
REQUEST_URI=/yii_ember/em_app/lib/require/require.js
HTTP_REFERER=http://yii.gr/yii_ember/site/app
---
2012/10/20 20:00:26 [error] [exception.CHttpException.404] exception 'CHttpException' with message 'Unable to resolve the request "em_app/lib/require/require.js".' in D:\vhosts\frameworks\yii_1.1.10\framework\web\CWebApplication.php:280
Stack trace:
#0 D:\vhosts\frameworks\yii_1.1.10\framework\web\CWebApplication.php(135): CWebApplication->runController('em_app/lib/requ...')
#1 D:\vhosts\frameworks\yii_1.1.10\framework\base\CApplication.php(162): CWebApplication->processRequest()
#2 D:\vhosts\yii.gr\yii_ember\index.php(13): CApplication->run()
#3 {main}
REQUEST_URI=/yii_ember/em_app/lib/require/require.js
HTTP_REFERER=http://yii.gr/yii_ember/site/app
---
2012/10/20 20:00:29 [error] [exception.CHttpException.404] exception 'CHttpException' with message 'Unable to resolve the request "em_app/lib/require/require.js".' in D:\vhosts\frameworks\yii_1.1.10\framework\web\CWebApplication.php:280
Stack trace:
#0 D:\vhosts\frameworks\yii_1.1.10\framework\web\CWebApplication.php(135): CWebApplication->runController('em_app/lib/requ...')
#1 D:\vhosts\frameworks\yii_1.1.10\framework\base\CApplication.php(162): CWebApplication->processRequest()
#2 D:\vhosts\yii.gr\yii_ember\index.php(13): CApplication->run()
#3 {main}
REQUEST_URI=/yii_ember/em_app/lib/require/require.js
HTTP_REFERER=http://yii.gr/yii_ember/site/app
---
2012/10/20 20:09:29 [error] [exception.CHttpException.404] exception 'CHttpException' with message 'The system is unable to find the requested action "ap".' in D:\vhosts\frameworks\yii_1.1.12\framework\web\CController.php:484
Stack trace:
#0 D:\vhosts\frameworks\yii_1.1.12\framework\web\CController.php(271): CController->missingAction('ap')
#1 D:\vhosts\frameworks\yii_1.1.12\framework\web\CWebApplication.php(283): CController->run('ap')
#2 D:\vhosts\frameworks\yii_1.1.12\framework\web\CWebApplication.php(142): CWebApplication->runController('site/ap')
#3 D:\vhosts\frameworks\yii_1.1.12\framework\base\CApplication.php(162): CWebApplication->processRequest()
#4 D:\vhosts\yii.gr\yii_ember\index.php(13): CApplication->run()
#5 {main}
REQUEST_URI=/yii_ember/site/ap
---
2012/10/20 20:12:50 [error] [php] include(User.php) [<a href='function.include'>function.include</a>]: failed to open stream: No such file or directory (D:\vhosts\frameworks\yii_1.1.12\framework\YiiBase.php:423)
Stack trace:
#0 D:\vhosts\yii.gr\yii_ember\protected\components\UserIdentity.php(25): spl_autoload_call()
#1 D:\vhosts\yii.gr\yii_ember\protected\controllers\SiteController.php(63): UserIdentity->authenticate()
#2 D:\vhosts\frameworks\yii_1.1.12\framework\web\actions\CInlineAction.php(50): SiteController->actionLogin()
#3 D:\vhosts\frameworks\yii_1.1.12\framework\web\CController.php(309): CInlineAction->runWithParams()
#4 D:\vhosts\frameworks\yii_1.1.12\framework\web\CController.php(287): SiteController->runAction()
#5 D:\vhosts\frameworks\yii_1.1.12\framework\web\CController.php(266): SiteController->runActionWithFilters()
#6 D:\vhosts\frameworks\yii_1.1.12\framework\web\CWebApplication.php(283): SiteController->run()
#7 D:\vhosts\frameworks\yii_1.1.12\framework\web\CWebApplication.php(142): CWebApplication->runController()
#8 D:\vhosts\frameworks\yii_1.1.12\framework\base\CApplication.php(162): CWebApplication->processRequest()
#9 D:\vhosts\yii.gr\yii_ember\index.php(13): CWebApplication->run()
REQUEST_URI=/yii_ember/site/login
in D:\vhosts\yii.gr\yii_ember\protected\components\UserIdentity.php (25)
in D:\vhosts\yii.gr\yii_ember\protected\controllers\SiteController.php (63)
in D:\vhosts\yii.gr\yii_ember\index.php (13)
2012/10/20 20:21:18 [error] [system.db.CDbCommand] CDbCommand::fetchAll() failed: SQLSTATE[42S02]: Base table or view not found: 1146 Table 'yii_ember.user' doesn't exist. The SQL statement executed was: SHOW COLUMNS FROM `user`.
in D:\vhosts\yii.gr\yii_ember\protected\models\User.php (52)
in D:\vhosts\yii.gr\yii_ember\protected\components\UserIdentity.php (25)
in D:\vhosts\yii.gr\yii_ember\protected\controllers\SiteController.php (63)
2012/10/20 20:21:18 [error] [exception.CDbException] exception 'CDbException' with message 'The table "user" for active record class "User" cannot be found in the database.' in D:\vhosts\frameworks\yii_1.1.12\framework\db\ar\CActiveRecord.php:2312
Stack trace:
#0 D:\vhosts\frameworks\yii_1.1.12\framework\db\ar\CActiveRecord.php(388): CActiveRecordMetaData->__construct(Object(User))
#1 D:\vhosts\yii.gr\yii_ember\protected\models\User.php(52): CActiveRecord::model('User')
#2 D:\vhosts\yii.gr\yii_ember\protected\components\UserIdentity.php(25): User::model()
#3 D:\vhosts\yii.gr\yii_ember\protected\controllers\SiteController.php(63): UserIdentity->authenticate()
#4 D:\vhosts\frameworks\yii_1.1.12\framework\web\actions\CInlineAction.php(50): SiteController->actionLogin()
#5 D:\vhosts\frameworks\yii_1.1.12\framework\web\CController.php(309): CInlineAction->runWithParams(Array)
#6 D:\vhosts\frameworks\yii_1.1.12\framework\web\CController.php(287): CController->runAction(Object(CInlineAction))
#7 D:\vhosts\frameworks\yii_1.1.12\framework\web\CController.php(266): CController->runActionWithFilters(Object(CInlineAction), Array)
#8 D:\vhosts\frameworks\yii_1.1.12\framework\web\CWebApplication.php(283): CController->run('login')
#9 D:\vhosts\frameworks\yii_1.1.12\framework\web\CWebApplication.php(142): CWebApplication->runController('site/login')
#10 D:\vhosts\frameworks\yii_1.1.12\framework\base\CApplication.php(162): CWebApplication->processRequest()
#11 D:\vhosts\yii.gr\yii_ember\index.php(13): CApplication->run()
#12 {main}
REQUEST_URI=/yii_ember/site/login
HTTP_REFERER=http://yii.gr/yii_ember/site/app
---
2012/10/20 20:22:29 [error] [exception.CException] exception 'CException' with message 'Alias "common.extensions.behaviors.password.*" is invalid. Make sure it points to an existing directory or file.' in D:\vhosts\frameworks\yii_1.1.12\framework\YiiBase.php:343
Stack trace:
#0 D:\vhosts\yii.gr\yii_ember\protected\models\User.php(69): YiiBase::import('common.extensio...')
#1 D:\vhosts\frameworks\yii_1.1.12\framework\db\ar\CActiveRecord.php(389): User->behaviors()
#2 D:\vhosts\yii.gr\yii_ember\protected\models\User.php(52): CActiveRecord::model('User')
#3 D:\vhosts\yii.gr\yii_ember\protected\components\UserIdentity.php(25): User::model()
#4 D:\vhosts\yii.gr\yii_ember\protected\controllers\SiteController.php(63): UserIdentity->authenticate()
#5 D:\vhosts\frameworks\yii_1.1.12\framework\web\actions\CInlineAction.php(50): SiteController->actionLogin()
#6 D:\vhosts\frameworks\yii_1.1.12\framework\web\CController.php(309): CInlineAction->runWithParams(Array)
#7 D:\vhosts\frameworks\yii_1.1.12\framework\web\CController.php(287): CController->runAction(Object(CInlineAction))
#8 D:\vhosts\frameworks\yii_1.1.12\framework\web\CController.php(266): CController->runActionWithFilters(Object(CInlineAction), Array)
#9 D:\vhosts\frameworks\yii_1.1.12\framework\web\CWebApplication.php(283): CController->run('login')
#10 D:\vhosts\frameworks\yii_1.1.12\framework\web\CWebApplication.php(142): CWebApplication->runController('site/login')
#11 D:\vhosts\frameworks\yii_1.1.12\framework\base\CApplication.php(162): CWebApplication->processRequest()
#12 D:\vhosts\yii.gr\yii_ember\index.php(13): CApplication->run()
#13 {main}
REQUEST_URI=/yii_ember/site/login
HTTP_REFERER=http://yii.gr/yii_ember/site/app
---
2012/10/20 20:49:44 [error] [exception.CHttpException.404] exception 'CHttpException' with message 'The system is unable to find the requested action "contact".' in D:\vhosts\frameworks\yii_1.1.12\framework\web\CController.php:484
Stack trace:
#0 D:\vhosts\frameworks\yii_1.1.12\framework\web\CController.php(271): CController->missingAction('contact')
#1 D:\vhosts\frameworks\yii_1.1.12\framework\web\CWebApplication.php(283): CController->run('contact')
#2 D:\vhosts\frameworks\yii_1.1.12\framework\web\CWebApplication.php(142): CWebApplication->runController('site/contact')
#3 D:\vhosts\frameworks\yii_1.1.12\framework\base\CApplication.php(162): CWebApplication->processRequest()
#4 D:\vhosts\yii.gr\yii_ember\index.php(13): CApplication->run()
#5 {main}
REQUEST_URI=/yii_ember/site/contact
HTTP_REFERER=http://yii.gr/yii_ember/
---
